#
# There is insufficient memory for the Java Runtime Environment to continue.
# Native memory allocation (malloc) failed to allocate 98566144 bytes for committing reserved memory.
# Possible reasons:
#   The system is out of physical RAM or swap space
#   In 32 bit mode, the process size limit was hit
# Possible solutions:
#   Reduce memory load on the system
#   Increase physical memory or swap space
#   Check if swap backing store is full
#   Use 64 bit Java on a 64 bit OS
#   Decrease Java heap size (-Xmx/-Xms)
#   Decrease number of Java threads
#   Decrease Java thread stack sizes (-Xss)
#   Set larger code cache with -XX:ReservedCodeCacheSize=
# This output file may be truncated or incomplete.
#
#  Out of Memory Error (os_linux.cpp:2745), pid=16576, tid=140415903909632
#
# JRE version: Java(TM) SE Runtime Environment (7.0_71-b14) (build 1.7.0_71-b14)
# Java VM: Java HotSpot(TM) 64-Bit Server VM (24.71-b01 mixed mode linux-amd64 compressed oops)
# Failed to write core dump. Core dumps have been disabled. To enable core dumping, try "ulimit -c unlimited" before starting Java again
#

---------------  T H R E A D  ---------------

Current thread (0x00007fb51c065000):  VMThread [stack: 0x00007fb52002c000,0x00007fb52012d000] [id=16590]

Stack: [0x00007fb52002c000,0x00007fb52012d000],  sp=0x00007fb52012b240,  free space=1020k
Native frames: (J=compiled Java code, j=interpreted, Vv=VM code, C=native code)
V  [libjvm.so+0x9a0a1a]  VMError::report_and_die()+0x2ea
V  [libjvm.so+0x4974bb]  report_vm_out_of_memory(char const*, int, unsigned long, char const*)+0x9b
V  [libjvm.so+0x81e4de]  os::Linux::commit_memory_impl(char*, unsigned long, bool)+0xfe
V  [libjvm.so+0x81ea29]  os::pd_commit_memory(char*, unsigned long, unsigned long, bool)+0x29
V  [libjvm.so+0x8187da]  os::commit_memory(char*, unsigned long, unsigned long, bool)+0x2a
V  [libjvm.so+0x88b2e3]  PSVirtualSpace::expand_by(unsigned long)+0x53
V  [libjvm.so+0x88c6b8]  PSYoungGen::resize_generation(unsigned long, unsigned long)+0xf8
V  [libjvm.so+0x88b822]  PSYoungGen::resize(unsigned long, unsigned long)+0x22
V  [libjvm.so+0x888c73]  PSScavenge::invoke_no_policy()+0xfb3
V  [libjvm.so+0x889421]  PSScavenge::invoke()+0x41
V  [libjvm.so+0x840050]  ParallelScavengeHeap::failed_mem_allocate(unsigned long)+0x70
V  [libjvm.so+0x9a22a7]  VM_ParallelGCFailedAllocation::doit()+0x97
V  [libjvm.so+0x9a9745]  VM_Operation::evaluate()+0x55
V  [libjvm.so+0x9a7b0a]  VMThread::evaluate_operation(VM_Operation*)+0xba
V  [libjvm.so+0x9a7e8e]  VMThread::loop()+0x1ce
V  [libjvm.so+0x9a8300]  VMThread::run()+0x70
V  [libjvm.so+0x8204b8]  java_start(Thread*)+0x108

VM_Operation (0x00007fb5245b8b90): ParallelGCFailedAllocation, mode: safepoint, requested by thread 0x00007fb51c00a000


---------------  P R O C E S S  ---------------

Java Threads: ( => current thread )
  0x00007fb51c094000 JavaThread "Service Thread" daemon [_thread_blocked, id=16596, stack(0x00007fb5151d5000,0x00007fb5152d6000)]
  0x00007fb51c091800 JavaThread "C2 CompilerThread1" daemon [_thread_blocked, id=16595, stack(0x00007fb5152d6000,0x00007fb5153d7000)]
  0x00007fb51c08f000 JavaThread "C2 CompilerThread0" daemon [_thread_blocked, id=16594, stack(0x00007fb5153d7000,0x00007fb5154d8000)]
  0x00007fb51c08c800 JavaThread "Signal Dispatcher" daemon [_thread_blocked, id=16593, stack(0x00007fb5154d8000,0x00007fb5155d9000)]
  0x00007fb51c06b800 JavaThread "Finalizer" daemon [_thread_blocked, id=16592, stack(0x00007fb515e2e000,0x00007fb515f2f000)]
  0x00007fb51c069800 JavaThread "Reference Handler" daemon [_thread_blocked, id=16591, stack(0x00007fb515f2f000,0x00007fb516030000)]
  0x00007fb51c00a000 JavaThread "main" [_thread_blocked, id=16587, stack(0x00007fb5244bb000,0x00007fb5245bc000)]

Other Threads:
=>0x00007fb51c065000 VMThread [stack: 0x00007fb52002c000,0x00007fb52012d000] [id=16590]
  0x00007fb51c097000 WatcherThread [stack: 0x00007fb5150d4000,0x00007fb5151d5000] [id=16597]

VM state:at safepoint (normal execution)

VM Mutex/Monitor currently owned by a thread:  ([mutex/lock_event])
[0x00007fb51c0060d0] Threads_lock - owner thread: 0x00007fb51c065000
[0x00007fb51c0065d0] Heap_lock - owner thread: 0x00007fb51c00a000

Heap
 PSYoungGen      total 103936K, used 12780K [0x00000000e1d00000, 0x00000000e9100000, 0x0000000100000000)
  eden space 91136K, 0% used [0x00000000e1d00000,0x00000000e1d00000,0x00000000e7600000)
  from space 12800K, 99% used [0x00000000e8480000,0x00000000e90fb0e0,0x00000000e9100000)
  to   space 9728K, 0% used [0x00000000e7600000,0x00000000e7600000,0x00000000e7f80000)
 ParOldGen       total 61440K, used 15231K [0x00000000a5800000, 0x00000000a9400000, 0x00000000e1d00000)
  object space 61440K, 24% used [0x00000000a5800000,0x00000000a66dfeb8,0x00000000a9400000)
 PSPermGen       total 26112K, used 25653K [0x00000000a0600000, 0x00000000a1f80000, 0x00000000a5800000)
  object space 26112K, 98% used [0x00000000a0600000,0x00000000a1f0d540,0x00000000a1f80000)

Card table byte_map: [0x00007fb5214a7000,0x00007fb5217a5000] byte_map_base: 0x00007fb520fa4000

Polling page: 0x00007fb5245d7000

Code Cache  [0x00007fb519000000, 0x00007fb519270000, 0x00007fb51c000000)
 total_blobs=1062 nmethods=730 adapters=285 free_code_cache=46886Kb largest_free_block=47916864

Compilation events (10 events):
Event: 21,888 Thread 0x00007fb51c08f000 nmethod 771 0x00007fb5190ea110 code [0x00007fb5190ea240, 0x00007fb5190ea298]
Event: 21,915 Thread 0x00007fb51c08f000  772             java.lang.ref.WeakReference::<init> (7 bytes)
Event: 21,916 Thread 0x00007fb51c08f000 nmethod 772 0x00007fb5190737d0 code [0x00007fb519073900, 0x00007fb519073998]
Event: 22,062 Thread 0x00007fb51c091800 nmethod 768% 0x00007fb519245790 code [0x00007fb519245c80, 0x00007fb519249330]
Event: 22,095 Thread 0x00007fb51c08f000  773  s          java.util.Hashtable::get (70 bytes)
Event: 22,102 Thread 0x00007fb51c08f000 nmethod 773 0x00007fb519072d90 code [0x00007fb519072f00, 0x00007fb519073578]
Event: 22,173 Thread 0x00007fb51c08f000  774             org.codehaus.plexus.util.ReflectionUtils::getSetter (72 bytes)
Event: 22,197 Thread 0x00007fb51c08f000 nmethod 774 0x00007fb51919d5d0 code [0x00007fb51919d7c0, 0x00007fb51919e0f0]
Event: 22,235 Thread 0x00007fb51c091800  775             org.codehaus.plexus.util.SelectorUtils::matchPath (560 bytes)
Event: 22,280 Thread 0x00007fb51c091800 nmethod 775 0x00007fb519135990 code [0x00007fb519135c60, 0x00007fb5191376f0]

GC Heap History (10 events):
Event: 5,152 GC heap after
Heap after GC invocations=3 (full 0):
 PSYoungGen      total 27648K, used 3569K [0x00000000e1d00000, 0x00000000e5300000, 0x0000000100000000)
  eden space 24064K, 0% used [0x00000000e1d00000,0x00000000e1d00000,0x00000000e3480000)
  from space 3584K, 99% used [0x00000000e3480000,0x00000000e37fc710,0x00000000e3800000)
  to   space 3584K, 0% used [0x00000000e4f80000,0x00000000e4f80000,0x00000000e5300000)
 ParOldGen       total 61440K, used 1239K [0x00000000a5800000, 0x00000000a9400000, 0x00000000e1d00000)
  object space 61440K, 2% used [0x00000000a5800000,0x00000000a5935fe0,0x00000000a9400000)
 PSPermGen       total 21504K, used 12127K [0x00000000a0600000, 0x00000000a1b00000, 0x00000000a5800000)
  object space 21504K, 56% used [0x00000000a0600000,0x00000000a11d7c90,0x00000000a1b00000)
}
Event: 7,105 GC heap before
{Heap before GC invocations=4 (full 0):
 PSYoungGen      total 27648K, used 27633K [0x00000000e1d00000, 0x00000000e5300000, 0x0000000100000000)
  eden space 24064K, 100% used [0x00000000e1d00000,0x00000000e3480000,0x00000000e3480000)
  from space 3584K, 99% used [0x00000000e3480000,0x00000000e37fc710,0x00000000e3800000)
  to   space 3584K, 0% used [0x00000000e4f80000,0x00000000e4f80000,0x00000000e5300000)
 ParOldGen       total 61440K, used 1239K [0x00000000a5800000, 0x00000000a9400000, 0x00000000e1d00000)
  object space 61440K, 2% used [0x00000000a5800000,0x00000000a5935fe0,0x00000000a9400000)
 PSPermGen       total 21504K, used 13854K [0x00000000a0600000, 0x00000000a1b00000, 0x00000000a5800000)
  object space 21504K, 64% used [0x00000000a0600000,0x00000000a13879e8,0x00000000a1b00000)
Event: 7,136 GC heap after
Heap after GC invocations=4 (full 0):
 PSYoungGen      total 51712K, used 3584K [0x00000000e1d00000, 0x00000000e5300000, 0x0000000100000000)
  eden space 48128K, 0% used [0x00000000e1d00000,0x00000000e1d00000,0x00000000e4c00000)
  from space 3584K, 100% used [0x00000000e4f80000,0x00000000e5300000,0x00000000e5300000)
  to   space 3584K, 0% used [0x00000000e4c00000,0x00000000e4c00000,0x00000000e4f80000)
 ParOldGen       total 61440K, used 3075K [0x00000000a5800000, 0x00000000a9400000, 0x00000000e1d00000)
  object space 61440K, 5% used [0x00000000a5800000,0x00000000a5b00fe0,0x00000000a9400000)
 PSPermGen       total 21504K, used 13854K [0x00000000a0600000, 0x00000000a1b00000, 0x00000000a5800000)
  object space 21504K, 64% used [0x00000000a0600000,0x00000000a13879e8,0x00000000a1b00000)
}
Event: 10,333 GC heap before
{Heap before GC invocations=5 (full 0):
 PSYoungGen      total 51712K, used 51712K [0x00000000e1d00000, 0x00000000e5300000, 0x0000000100000000)
  eden space 48128K, 100% used [0x00000000e1d00000,0x00000000e4c00000,0x00000000e4c00000)
  from space 3584K, 100% used [0x00000000e4f80000,0x00000000e5300000,0x00000000e5300000)
  to   space 3584K, 0% used [0x00000000e4c00000,0x00000000e4c00000,0x00000000e4f80000)
 ParOldGen       total 61440K, used 3075K [0x00000000a5800000, 0x00000000a9400000, 0x00000000e1d00000)
  object space 61440K, 5% used [0x00000000a5800000,0x00000000a5b00fe0,0x00000000a9400000)
 PSPermGen       total 21504K, used 14462K [0x00000000a0600000, 0x00000000a1b00000, 0x00000000a5800000)
  object space 21504K, 67% used [0x00000000a0600000,0x00000000a141fa10,0x00000000a1b00000)
Event: 10,358 GC heap after
Heap after GC invocations=5 (full 0):
 PSYoungGen      total 51712K, used 3584K [0x00000000e1d00000, 0x00000000e8900000, 0x0000000100000000)
  eden space 48128K, 0% used [0x00000000e1d00000,0x00000000e1d00000,0x00000000e4c00000)
  from space 3584K, 100% used [0x00000000e4c00000,0x00000000e4f80000,0x00000000e4f80000)
  to   space 7168K, 0% used [0x00000000e8200000,0x00000000e8200000,0x00000000e8900000)
 ParOldGen       total 61440K, used 6217K [0x00000000a5800000, 0x00000000a9400000, 0x00000000e1d00000)
  object space 61440K, 10% used [0x00000000a5800000,0x00000000a5e12728,0x00000000a9400000)
 PSPermGen       total 21504K, used 14462K [0x00000000a0600000, 0x00000000a1b00000, 0x00000000a5800000)
  object space 21504K, 67% used [0x00000000a0600000,0x00000000a141fa10,0x00000000a1b00000)
}
Event: 14,303 GC heap before
{Heap before GC invocations=6 (full 0):
 PSYoungGen      total 51712K, used 51712K [0x00000000e1d00000, 0x00000000e8900000, 0x0000000100000000)
  eden space 48128K, 100% used [0x00000000e1d00000,0x00000000e4c00000,0x00000000e4c00000)
  from space 3584K, 100% used [0x00000000e4c00000,0x00000000e4f80000,0x00000000e4f80000)
  to   space 7168K, 0% used [0x00000000e8200000,0x00000000e8200000,0x00000000e8900000)
 ParOldGen       total 61440K, used 6217K [0x00000000a5800000, 0x00000000a9400000, 0x00000000e1d00000)
  object space 61440K, 10% used [0x00000000a5800000,0x00000000a5e12728,0x00000000a9400000)
 PSPermGen       total 21504K, used 18703K [0x00000000a0600000, 0x00000000a1b00000, 0x00000000a5800000)
  object space 21504K, 86% used [0x00000000a0600000,0x00000000a1843c88,0x00000000a1b00000)
Event: 14,328 GC heap after
Heap after GC invocations=6 (full 0):
 PSYoungGen      total 53760K, used 7143K [0x00000000e1d00000, 0x00000000e8900000, 0x0000000100000000)
  eden space 46592K, 0% used [0x00000000e1d00000,0x00000000e1d00000,0x00000000e4a80000)
  from space 7168K, 99% used [0x00000000e8200000,0x00000000e88f9c68,0x00000000e8900000)
  to   space 9728K, 0% used [0x00000000e7600000,0x00000000e7600000,0x00000000e7f80000)
 ParOldGen       total 61440K, used 8661K [0x00000000a5800000, 0x00000000a9400000, 0x00000000e1d00000)
  object space 61440K, 14% used [0x00000000a5800000,0x00000000a60757a8,0x00000000a9400000)
 PSPermGen       total 21504K, used 18703K [0x00000000a0600000, 0x00000000a1b00000, 0x00000000a5800000)
  object space 21504K, 86% used [0x00000000a0600000,0x00000000a1843c88,0x00000000a1b00000)
}
Event: 17,455 GC heap before
{Heap before GC invocations=7 (full 0):
 PSYoungGen      total 53760K, used 53735K [0x00000000e1d00000, 0x00000000e8900000, 0x0000000100000000)
  eden space 46592K, 100% used [0x00000000e1d00000,0x00000000e4a80000,0x00000000e4a80000)
  from space 7168K, 99% used [0x00000000e8200000,0x00000000e88f9c68,0x00000000e8900000)
  to   space 9728K, 0% used [0x00000000e7600000,0x00000000e7600000,0x00000000e7f80000)
 ParOldGen       total 61440K, used 8661K [0x00000000a5800000, 0x00000000a9400000, 0x00000000e1d00000)
  object space 61440K, 14% used [0x00000000a5800000,0x00000000a60757a8,0x00000000a9400000)
 PSPermGen       total 21504K, used 19421K [0x00000000a0600000, 0x00000000a1b00000, 0x00000000a5800000)
  object space 21504K, 90% used [0x00000000a0600000,0x00000000a18f77f8,0x00000000a1b00000)
Event: 17,528 GC heap after
Heap after GC invocations=7 (full 0):
 PSYoungGen      total 100864K, used 9723K [0x00000000e1d00000, 0x00000000e9100000, 0x0000000100000000)
  eden space 91136K, 0% used [0x00000000e1d00000,0x00000000e1d00000,0x00000000e7600000)
  from space 9728K, 99% used [0x00000000e7600000,0x00000000e7f7ec78,0x00000000e7f80000)
  to   space 12800K, 0% used [0x00000000e8480000,0x00000000e8480000,0x00000000e9100000)
 ParOldGen       total 61440K, used 11566K [0x00000000a5800000, 0x00000000a9400000, 0x00000000e1d00000)
  object space 61440K, 18% used [0x00000000a5800000,0x00000000a634b8e0,0x00000000a9400000)
 PSPermGen       total 21504K, used 19421K [0x00000000a0600000, 0x00000000a1b00000, 0x00000000a5800000)
  object space 21504K, 90% used [0x00000000a0600000,0x00000000a18f77f8,0x00000000a1b00000)
}
Event: 22,558 GC heap before
{Heap before GC invocations=8 (full 0):
 PSYoungGen      total 100864K, used 100859K [0x00000000e1d00000, 0x00000000e9100000, 0x0000000100000000)
  eden space 91136K, 100% used [0x00000000e1d00000,0x00000000e7600000,0x00000000e7600000)
  from space 9728K, 99% used [0x00000000e7600000,0x00000000e7f7ec78,0x00000000e7f80000)
  to   space 12800K, 0% used [0x00000000e8480000,0x00000000e8480000,0x00000000e9100000)
 ParOldGen       total 61440K, used 11566K [0x00000000a5800000, 0x00000000a9400000, 0x00000000e1d00000)
  object space 61440K, 18% used [0x00000000a5800000,0x00000000a634b8e0,0x00000000a9400000)
 PSPermGen       total 26112K, used 25653K [0x00000000a0600000, 0x00000000a1f80000, 0x00000000a5800000)
  object space 26112K, 98% used [0x00000000a0600000,0x00000000a1f0d540,0x00000000a1f80000)

Deoptimization events (10 events):
Event: 20,030 Thread 0x00007fb51c00a000 Uncommon trap: reason=bimorphic action=maybe_recompile pc=0x00007fb5191e0610 method=java.util.Hashtable.get(Ljava/lang/Object;)Ljava/lang/Object; @ 46
Event: 20,030 Thread 0x00007fb51c00a000 Uncommon trap: reason=class_check action=maybe_recompile pc=0x00007fb519117900 method=java.util.Hashtable.put(Ljava/lang/Object;Ljava/lang/Object;)Ljava/lang/Object; @ 61
Event: 20,030 Thread 0x00007fb51c00a000 Uncommon trap: reason=bimorphic action=maybe_recompile pc=0x00007fb5191e0610 method=java.util.Hashtable.get(Ljava/lang/Object;)Ljava/lang/Object; @ 46
Event: 20,030 Thread 0x00007fb51c00a000 Uncommon trap: reason=unreached action=reinterpret pc=0x00007fb5190850e8 method=java.lang.AbstractStringBuilder.append(Ljava/lang/String;)Ljava/lang/AbstractStringBuilder; @ 1
Event: 20,030 Thread 0x00007fb51c00a000 Uncommon trap: reason=bimorphic action=maybe_recompile pc=0x00007fb5191e0610 method=java.util.Hashtable.get(Ljava/lang/Object;)Ljava/lang/Object; @ 46
Event: 20,030 Thread 0x00007fb51c00a000 Uncommon trap: reason=bimorphic action=maybe_recompile pc=0x00007fb5191e0610 method=java.util.Hashtable.get(Ljava/lang/Object;)Ljava/lang/Object; @ 46
Event: 20,081 Thread 0x00007fb51c00a000 Uncommon trap: reason=bimorphic action=maybe_recompile pc=0x00007fb519126b60 method=java.util.Hashtable.putAll(Ljava/util/Map;)V @ 1
Event: 20,852 Thread 0x00007fb51c00a000 Uncommon trap: reason=unreached action=reinterpret pc=0x00007fb5190866ac method=java.lang.AbstractStringBuilder.append(Ljava/lang/String;)Ljava/lang/AbstractStringBuilder; @ 1
Event: 21,799 Thread 0x00007fb51c00a000 Uncommon trap: reason=unreached action=reinterpret pc=0x00007fb5191ebb88 method=org.codehaus.plexus.interpolation.StringSearchInterpolator.interpolate(Ljava/lang/String;Lorg/codehaus/plexus/interpolation/RecursionInterceptor;Ljava/util/Set;)Ljava/lang/Str
Event: 22,259 Thread 0x00007fb51c00a000 Uncommon trap: reason=bimorphic action=maybe_recompile pc=0x00007fb51911d1c4 method=java.util.HashMap.<init>(IF)V @ 115

Internal exceptions (10 events):
Event: 21,075 Thread 0x00007fb51c00a000 Threw 0x00000000e56180a0 at /HUDSON/workspace/7u-2-build-linux-amd64/jdk7u71/1605/hotspot/src/share/vm/prims/jvm.cpp:1281
Event: 21,075 Thread 0x00007fb51c00a000 Threw 0x00000000e561b048 at /HUDSON/workspace/7u-2-build-linux-amd64/jdk7u71/1605/hotspot/src/share/vm/prims/jvm.cpp:1281
Event: 21,076 Thread 0x00007fb51c00a000 Threw 0x00000000e5626770 at /HUDSON/workspace/7u-2-build-linux-amd64/jdk7u71/1605/hotspot/src/share/vm/prims/jvm.cpp:1281
Event: 21,077 Thread 0x00007fb51c00a000 Threw 0x00000000e562a5c0 at /HUDSON/workspace/7u-2-build-linux-amd64/jdk7u71/1605/hotspot/src/share/vm/prims/jvm.cpp:1281
Event: 21,077 Thread 0x00007fb51c00a000 Threw 0x00000000e562d1f8 at /HUDSON/workspace/7u-2-build-linux-amd64/jdk7u71/1605/hotspot/src/share/vm/prims/jvm.cpp:1281
Event: 21,079 Thread 0x00007fb51c00a000 Threw 0x00000000e5632140 at /HUDSON/workspace/7u-2-build-linux-amd64/jdk7u71/1605/hotspot/src/share/vm/prims/jvm.cpp:1281
Event: 21,079 Thread 0x00007fb51c00a000 Threw 0x00000000e5636720 at /HUDSON/workspace/7u-2-build-linux-amd64/jdk7u71/1605/hotspot/src/share/vm/prims/jvm.cpp:1281
Event: 21,080 Thread 0x00007fb51c00a000 Threw 0x00000000e563a6c8 at /HUDSON/workspace/7u-2-build-linux-amd64/jdk7u71/1605/hotspot/src/share/vm/prims/jvm.cpp:1281
Event: 21,083 Thread 0x00007fb51c00a000 Threw 0x00000000e5654898 at /HUDSON/workspace/7u-2-build-linux-amd64/jdk7u71/1605/hotspot/src/share/vm/prims/jvm.cpp:1281
Event: 21,084 Thread 0x00007fb51c00a000 Threw 0x00000000e5658a40 at /HUDSON/workspace/7u-2-build-linux-amd64/jdk7u71/1605/hotspot/src/share/vm/prims/jvm.cpp:1281

Events (10 events):
Event: 21,799 Thread 0x00007fb51c00a000 DEOPT PACKING pc=0x00007fb5191ebb88 sp=0x00007fb5245b8340
Event: 21,799 Thread 0x00007fb51c00a000 DEOPT UNPACKING pc=0x00007fb519039045 sp=0x00007fb5245b8338 mode 2
Event: 21,814 Thread 0x00007fb51c08f000 flushing nmethod 0x00007fb519134a50
Event: 21,847 Thread 0x00007fb51c08f000 flushing nmethod 0x00007fb519161250
Event: 21,849 Thread 0x00007fb51c08f000 flushing nmethod 0x00007fb5191886d0
Event: 21,888 Thread 0x00007fb51c08f000 flushing nmethod 0x00007fb51919c490
Event: 22,259 Thread 0x00007fb51c00a000 Uncommon trap: trap_request=0xffffffc6 fr.pc=0x00007fb51911d1c4
Event: 22,259 Thread 0x00007fb51c00a000 DEOPT PACKING pc=0x00007fb51911d1c4 sp=0x00007fb5245b93c0
Event: 22,259 Thread 0x00007fb51c00a000 DEOPT UNPACKING pc=0x00007fb519039045 sp=0x00007fb5245b9320 mode 2
Event: 22,557 Executing VM operation: ParallelGCFailedAllocation


Dynamic libraries:
00400000-00401000 r-xp 00000000 08:05 819649                             /home/tomtaylor/jdk/bin/java
00600000-00601000 rw-p 00000000 08:05 819649                             /home/tomtaylor/jdk/bin/java
007c2000-007e3000 rw-p 00000000 00:00 0                                  [heap]
a0600000-a1f80000 rw-p 00000000 00:00 0 
a1f80000-a5800000 rw-p 00000000 00:00 0 
a5800000-a9400000 rw-p 00000000 00:00 0 
a9400000-e1d00000 rw-p 00000000 00:00 0 
e1d00000-e9100000 rw-p 00000000 00:00 0 
eef00000-100000000 rw-p 00000000 00:00 0 
7fb4e8000000-7fb4e8021000 rw-p 00000000 00:00 0 
7fb4e8021000-7fb4ec000000 ---p 00000000 00:00 0 
7fb4f0000000-7fb4f0b36000 rw-p 00000000 00:00 0 
7fb4f0b36000-7fb4f4000000 ---p 00000000 00:00 0 
7fb4f4000000-7fb4f4021000 rw-p 00000000 00:00 0 
7fb4f4021000-7fb4f8000000 ---p 00000000 00:00 0 
7fb4f8000000-7fb4f8021000 rw-p 00000000 00:00 0 
7fb4f8021000-7fb4fc000000 ---p 00000000 00:00 0 
7fb4fc000000-7fb4fcc46000 rw-p 00000000 00:00 0 
7fb4fcc46000-7fb500000000 ---p 00000000 00:00 0 
7fb500000000-7fb500021000 rw-p 00000000 00:00 0 
7fb500021000-7fb504000000 ---p 00000000 00:00 0 
7fb504000000-7fb504021000 rw-p 00000000 00:00 0 
7fb504021000-7fb508000000 ---p 00000000 00:00 0 
7fb508000000-7fb508021000 rw-p 00000000 00:00 0 
7fb508021000-7fb50c000000 ---p 00000000 00:00 0 
7fb50c000000-7fb50c24d000 rw-p 00000000 00:00 0 
7fb50c24d000-7fb510000000 ---p 00000000 00:00 0 
7fb510000000-7fb510022000 rw-p 00000000 00:00 0 
7fb510022000-7fb514000000 ---p 00000000 00:00 0 
7fb51490e000-7fb51490f000 rw-p 00000000 00:00 0 
7fb51490f000-7fb514938000 r--s 0025f000 08:05 1185179                    /home/tomtaylor/.m2/repository/org/primefaces/primefaces/5.0/primefaces-5.0.jar
7fb514938000-7fb514943000 r--s 0004d000 08:05 1844688                    /home/tomtaylor/.m2/repository/org/springframework/security/spring-security-core/3.2.0.RELEASE/spring-security-core-3.2.0.RELEASE.jar
7fb514943000-7fb51494a000 r--s 0005b000 08:05 1844685                    /home/tomtaylor/.m2/repository/org/springframework/security/spring-security-config/3.2.0.RELEASE/spring-security-config-3.2.0.RELEASE.jar
7fb51494a000-7fb51494c000 r--s 00000000 08:05 1708809                    /home/tomtaylor/.m2/repository/aopalliance/aopalliance/1.0/aopalliance-1.0.jar
7fb51494c000-7fb514956000 r--s 0004a000 08:05 1714076                    /home/tomtaylor/.m2/repository/org/springframework/security/spring-security-web/3.2.0.RELEASE/spring-security-web-3.2.0.RELEASE.jar
7fb514956000-7fb514959000 r--s 0001d000 08:05 823326                     /home/tomtaylor/.m2/repository/org/springframework/webflow/spring-faces/2.4.1.RELEASE/spring-faces-2.4.1.RELEASE.jar
7fb514959000-7fb514965000 r--s 00096000 08:05 2494616                    /home/tomtaylor/.m2/repository/org/springframework/spring-webmvc/4.0.6.RELEASE/spring-webmvc-4.0.6.RELEASE.jar
7fb514965000-7fb514974000 r--s 0009c000 08:05 1840001                    /home/tomtaylor/.m2/repository/org/springframework/spring-web/4.1.1.RELEASE/spring-web-4.1.1.RELEASE.jar
7fb514974000-7fb5149c8000 r--s 003e3000 08:05 823120                     /home/tomtaylor/.m2/repository/org/springframework/webflow/spring-js-resources/2.4.1.RELEASE/spring-js-resources-2.4.1.RELEASE.jar
7fb5149c8000-7fb5149ca000 r--s 00005000 08:05 822915                     /home/tomtaylor/.m2/repository/org/springframework/webflow/spring-js/2.4.1.RELEASE/spring-js-2.4.1.RELEASE.jar
7fb5149ca000-7fb5149d8000 r--s 0007d000 08:05 822798                     /home/tomtaylor/.m2/repository/org/springframework/webflow/spring-webflow/2.4.1.RELEASE/spring-webflow-2.4.1.RELEASE.jar
7fb5149d8000-7fb5149dc000 r--s 00026000 08:05 2101939                    /home/tomtaylor/.m2/repository/opensymphony/ognl/2.6.11/ognl-2.6.11.jar
7fb5149dc000-7fb5149de000 r--s 0000d000 08:05 1840609                    /home/tomtaylor/.m2/repository/commons-logging/commons-logging/1.1.1/commons-logging-1.1.1.jar
7fb5149de000-7fb5149e4000 r--s 00022000 08:05 822741                     /home/tomtaylor/.m2/repository/org/springframework/webflow/spring-binding/2.4.1.RELEASE/spring-binding-2.4.1.RELEASE.jar
7fb5149e4000-7fb5149e8000 r--s 00039000 08:05 1712608                    /home/tomtaylor/.m2/repository/org/springframework/spring-expression/4.1.1.RELEASE/spring-expression-4.1.1.RELEASE.jar
7fb5149e8000-7fb514a00000 r--s 000e3000 08:05 816595                     /home/tomtaylor/.m2/repository/org/springframework/spring-context/4.1.1.RELEASE/spring-context-4.1.1.RELEASE.jar
7fb514a00000-7fb514a05000 r--s 00015000 08:05 2101734                    /home/tomtaylor/.m2/repository/org/hibernate/javax/persistence/hibernate-jpa-2.0-api/1.0.1.Final/hibernate-jpa-2.0-api-1.0.1.Final.jar
7fb514a05000-7fb514a07000 r--s 00006000 08:05 2106223                    /home/tomtaylor/.m2/repository/org/slf4j/slf4j-api/1.7.7/slf4j-api-1.7.7.jar
7fb514a07000-7fb514a0b000 r--s 00019000 08:05 2106207                    /home/tomtaylor/.m2/repository/org/aspectj/aspectjrt/1.8.2/aspectjrt-1.8.2.jar
7fb514a0b000-7fb514a20000 r--s 000e1000 08:05 1712258                    /home/tomtaylor/.m2/repository/org/springframework/spring-core/4.1.1.RELEASE/spring-core-4.1.1.RELEASE.jar
7fb514a20000-7fb514a2d000 r--s 0009f000 08:05 1710094                    /home/tomtaylor/.m2/repository/org/springframework/spring-beans/4.1.1.RELEASE/spring-beans-4.1.1.RELEASE.jar
7fb514a2d000-7fb514a34000 r--s 00037000 08:05 1972623                    /home/tomtaylor/.m2/repository/org/springframework/spring-tx/4.1.1.RELEASE/spring-tx-4.1.1.RELEASE.jar
7fb514a34000-7fb514a3d000 r--s 0004e000 08:05 1712611                    /home/tomtaylor/.m2/repository/org/springframework/spring-aop/4.0.7.RELEASE/spring-aop-4.0.7.RELEASE.jar
7fb514a3d000-7fb514a47000 r--s 0005f000 08:05 1972620                    /home/tomtaylor/.m2/repository/org/springframework/spring-jdbc/4.1.1.RELEASE/spring-jdbc-4.1.1.RELEASE.jar
7fb514a47000-7fb514a4f000 r--s 00054000 08:05 2106204                    /home/tomtaylor/.m2/repository/org/springframework/spring-orm/4.1.1.RELEASE/spring-orm-4.1.1.RELEASE.jar
7fb514a4f000-7fb514a5c000 r--s 0006d000 08:05 2236937                    /home/tomtaylor/.m2/repository/org/springframework/data/spring-data-commons/1.9.0.RELEASE/spring-data-commons-1.9.0.RELEASE.jar
7fb514a5c000-7fb514a62000 r--s 00030000 08:05 1712605                    /home/tomtaylor/.m2/repository/org/springframework/data/spring-data-jpa/1.7.0.RELEASE/spring-data-jpa-1.7.0.RELEASE.jar
7fb514a62000-7fb514a63000 r--s 00004000 08:05 2376399                    /home/tomtaylor/workspaces/neuron/neuron-beer/Application/Beerfactory/client-api/target/beerfactory-client-api-1.0.jar
7fb514a63000-7fb514a69000 r--s 0006d000 08:05 817554                     /home/tomtaylor/.m2/repository/javassist/javassist/3.4.GA/javassist-3.4.GA.jar
7fb514a69000-7fb514a7d000 r--s 000e3000 08:05 2371477                    /home/tomtaylor/.m2/repository/xerces/xercesImpl/2.6.2/xercesImpl-2.6.2.jar
7fb514a7d000-7fb514a80000 r--s 0001e000 08:05 1712827                    /home/tomtaylor/.m2/repository/slide/webdavlib/2.0/webdavlib-2.0.jar
7fb514a80000-7fb514a8a000 r--s 00069000 08:05 1311712                    /home/tomtaylor/.m2/repository/jboss/jboss-common/4.0.2/jboss-common-4.0.2.jar
7fb514a8a000-7fb514a8f000 r--s 00040000 08:05 2491110                    /home/tomtaylor/.m2/repository/org/hibernate/hibernate-annotations/3.4.0.GA/hibernate-annotations-3.4.0.GA.jar
7fb514a8f000-7fb514a92000 r--s 0000a000 08:05 2491107                    /home/tomtaylor/.m2/repository/org/hibernate/ejb3-persistence/1.0.2.GA/ejb3-persistence-1.0.2.GA.jar
7fb514a92000-7fb514a93000 r--s 00003000 08:05 2364743                    /home/tomtaylor/.m2/repository/javax/transaction/jta/1.1/jta-1.1.jar
7fb514a93000-7fb514a96000 r--s 0000e000 08:05 1842997                    /home/tomtaylor/.m2/repository/org/hibernate/hibernate-commons-annotations/3.1.0.GA/hibernate-commons-annotations-3.1.0.GA.jar
7fb514a96000-7fb514a99000 r--s 0001b000 08:05 2106936                    /home/tomtaylor/.m2/repository/org/hibernate/hibernate-entitymanager/3.4.0.GA/hibernate-entitymanager-3.4.0.GA.jar
7fb514a99000-7fb514a9b000 r--s 00001000 08:05 2491104                    /home/tomtaylor/.m2/repository/org/codehaus/mojo/hibernate3/maven-hibernate3-jdk15/2.2/maven-hibernate3-jdk15-2.2.jar
7fb514a9b000-7fb514a9c000 r--s 00001000 08:05 2491101                    /home/tomtaylor/.m2/repository/org/codehaus/mojo/hibernate3/maven-hibernate3-jdk14/2.2/maven-hibernate3-jdk14-2.2.jar
7fb514a9c000-7fb514a9e000 r--s 00003000 08:05 2106933                    /home/tomtaylor/.m2/repository/org/slf4j/jcl-over-slf4j/1.5.6/jcl-over-slf4j-1.5.6.jar
7fb514a9e000-7fb514a9f000 r--s 00002000 08:05 2491098                    /home/tomtaylor/.m2/repository/org/slf4j/slf4j-log4j12/1.5.6/slf4j-log4j12-1.5.6.jar
7fb514a9f000-7fb514aa0000 r--s 00003000 08:05 1079842                    /home/tomtaylor/.m2/repository/org/apache/geronimo/specs/geronimo-jta_1.0.1B_spec/1.1.1/geronimo-jta_1.0.1B_spec-1.1.1.jar
7fb514aa0000-7fb514aa5000 r--s 00016000 08:05 1968295                    /home/tomtaylor/.m2/repository/xml-apis/xml-apis/1.0.b2/xml-apis-1.0.b2.jar
7fb514aa5000-7fb514aa7000 r--s 00001000 08:05 2491095                    /home/tomtaylor/.m2/repository/org/codehaus/mojo/hibernate3/maven-hibernate3-api/2.2/maven-hibernate3-api-2.2.jar
7fb514aa7000-7fb514aa9000 r--s 00004000 08:05 2106930                    /home/tomtaylor/.m2/repository/org/slf4j/slf4j-api/1.5.6/slf4j-api-1.5.6.jar
7fb514aa9000-7fb514aae000 r--s 00048000 08:05 1968292                    /home/tomtaylor/.m2/repository/dom4j/dom4j/1.6.1/dom4j-1.6.1.jar
7fb514aae000-7fb514abb000 r--s 0007c000 08:05 1972414                    /home/tomtaylor/.m2/repository/commons-collections/commons-collections/3.1/commons-collections-3.1.jar
7fb514abb000-7fb514ac1000 r--s 00067000 08:05 1972409                    /home/tomtaylor/.m2/repository/antlr/antlr/2.7.6/antlr-2.7.6.jar
7fb514ac1000-7fb514ae4000 r--s 00209000 08:05 2491092                    /home/tomtaylor/.m2/repository/org/hibernate/hibernate-core/3.3.1.GA/hibernate-core-3.3.1.GA.jar
7fb514ae4000-7fb514ae7000 r--s 0003a000 08:05 2491089                    /home/tomtaylor/.m2/repository/org/hibernate/jtidy/r8-20060801/jtidy-r8-20060801.jar
7fb514ae7000-7fb514af5000 r--s 000b6000 08:05 1076988                    /home/tomtaylor/.m2/repository/freemarker/freemarker/2.3.8/freemarker-2.3.8.jar
7fb514af5000-7fb514afa000 r--s 00040000 08:05 817545                     /home/tomtaylor/.m2/repository/org/beanshell/bsh/2.0b4/bsh-2.0b4.jar
7fb514afa000-7fb514b00000 r--s 00050000 08:05 2491086                    /home/tomtaylor/.m2/repository/org/hibernate/hibernate-tools/3.2.3.GA/hibernate-tools-3.2.3.GA.jar
7fb514b00000-7fb514b07000 r--s 00053000 08:05 2491083                    /home/tomtaylor/.m2/repository/log4j/log4j/1.2.14/log4j-1.2.14.jar
7fb514b07000-7fb514b09000 r--s 00004000 08:05 1311694                    /home/tomtaylor/.m2/repository/org/codehaus/mojo/hibernate3-maven-plugin/2.2/hibernate3-maven-plugin-2.2.jar
7fb514b09000-7fb514b0c000 r--s 0002f000 08:05 1712870                    /home/tomtaylor/.m2/repository/org/codehaus/plexus/plexus-utils/1.4.9/plexus-utils-1.4.9.jar
7fb514b0c000-7fb514b10000 r--s 0002f000 08:05 1972900                    /home/tomtaylor/.m2/repository/commons-lang/commons-lang/2.1/commons-lang-2.1.jar
7fb514b10000-7fb514b11000 r--s 00002000 08:05 1972903                    /home/tomtaylor/.m2/repository/org/codehaus/plexus/plexus-io/1.0-alpha-1/plexus-io-1.0-alpha-1.jar
7fb514b11000-7fb514b15000 r--s 00023000 08:05 1972904                    /home/tomtaylor/.m2/repository/org/codehaus/plexus/plexus-archiver/1.0-alpha-9/plexus-archiver-1.0-alpha-9.jar
7fb514b15000-7fb514b17000 r--s 00003000 08:05 1581627                    /home/tomtaylor/.m2/repository/org/apache/maven/maven-archiver/2.3/maven-archiver-2.3.jar
7fb514b17000-7fb514b19000 r--s 00005000 08:05 815784                     /home/tomtaylor/.m2/repository/org/apache/maven/plugins/maven-jar-plugin/2.2/maven-jar-plugin-2.2.jar
7fb514b19000-7fb514b1a000 r--s 00002000 08:05 1441840                    /home/tomtaylor/.m2/repository/org/apache/maven/reporting/maven-reporting-api/2.0.9/maven-reporting-api-2.0.9.jar
7fb514b1a000-7fb514b1d000 r--s 00034000 08:05 1185926                    /home/tomtaylor/.m2/repository/org/codehaus/plexus/plexus-utils/2.1/plexus-utils-2.1.jar
7fb514b1d000-7fb514b1f000 r--s 00006000 08:05 1704028                    /home/tomtaylor/.m2/repository/org/apache/maven/shared/maven-common-artifact-filters/1.3/maven-common-artifact-filters-1.3.jar
7fb514b1f000-7fb514b21000 r--s 0000d000 08:05 1454197                    /home/tomtaylor/.m2/repository/org/apache/maven/surefire/maven-surefire-common/2.10/maven-surefire-common-2.10.jar
7fb514b21000-7fb514b26000 r--s 00023000 08:05 1454198                    /home/tomtaylor/.m2/repository/org/apache/maven/surefire/surefire-api/2.10/surefire-api-2.10.jar
7fb514b26000-7fb514b28000 r--s 00007000 08:05 1581562                    /home/tomtaylor/.m2/repository/org/apache/maven/surefire/surefire-booter/2.10/surefire-booter-2.10.jar
7fb514b28000-7fb514b2a000 r--s 00006000 08:05 815771                     /home/tomtaylor/.m2/repository/org/apache/maven/plugins/maven-surefire-plugin/2.10/maven-surefire-plugin-2.10.jar
7fb514b2a000-7fb514b31000 r--s 00000000 08:05 270598                     /usr/lib/x86_64-linux-gnu/gconv/gconv-modules.cache
7fb514b31000-7fb514b4a000 r--p 00000000 08:05 401768                     /usr/share/locale-langpack/hu/LC_MESSAGES/libc.mo
7fb514b4a000-7fb514bb5000 r--s 00e22000 08:05 817577                     /home/tomtaylor/jdk/lib/tools.jar
7fb514bb5000-7fb514bb8000 r--s 0001b000 08:05 2101067                    /home/tomtaylor/.m2/repository/junit/junit/3.8.2/junit-3.8.2.jar
7fb514bb8000-7fb514bc6000 r--s 0008f000 08:05 2101064                    /home/tomtaylor/.m2/repository/com/google/collections/google-collections/1.0/google-collections-1.0.jar
7fb514bc6000-7fb514bc7000 r--s 0000a000 08:05 2101061                    /home/tomtaylor/.m2/repository/commons-logging/commons-logging-api/1.1/commons-logging-api-1.1.jar
7fb514bc7000-7fb514bce000 r--s 00051000 08:05 2101058                    /home/tomtaylor/.m2/repository/log4j/log4j/1.2.12/log4j-1.2.12.jar
7fb514bce000-7fb514bd2000 r--s 0001d000 08:05 2101055                    /home/tomtaylor/.m2/repository/org/apache/xbean/xbean-reflect/3.4/xbean-reflect-3.4.jar
7fb514bd2000-7fb514bd3000 r--s 00004000 08:05 1712811                    /home/tomtaylor/.m2/repository/org/codehaus/plexus/plexus-compiler-javac/2.4/plexus-compiler-javac-2.4.jar
7fb514bd3000-7fb514bd5000 r--s 00000000 08:05 1712808                    /home/tomtaylor/.m2/repository/org/codehaus/plexus/plexus-compiler-manager/2.4/plexus-compiler-manager-2.4.jar
7fb514bd5000-7fb514bd7000 r--s 00005000 08:05 1581545                    /home/tomtaylor/.m2/repository/org/codehaus/plexus/plexus-compiler-api/2.4/plexus-compiler-api-2.4.jar
7fb514bd7000-7fb514bd9000 r--s 00000000 08:05 2101041                    /home/tomtaylor/.m2/repository/org/codehaus/plexus/plexus-component-annotations/1.5.5/plexus-component-annotations-1.5.5.jar
7fb514bd9000-7fb514bdb000 r--s 00002000 08:05 1841035                    /home/tomtaylor/.m2/repository/org/apache/maven/shared/maven-shared-incremental/1.1/maven-shared-incremental-1.1.jar
7fb514bdb000-7fb514bdd000 r--s 00006000 08:05 1974120                    /home/tomtaylor/.m2/repository/com/google/code/findbugs/jsr305/2.0.1/jsr305-2.0.1.jar
7fb514bdd000-7fb514be0000 r--s 00023000 08:05 1841024                    /home/tomtaylor/.m2/repository/org/apache/maven/shared/maven-shared-utils/0.1/maven-shared-utils-0.1.jar
7fb514be0000-7fb514be4000 r--s 00030000 08:05 1190728                    /home/tomtaylor/.m2/repository/org/codehaus/plexus/plexus-utils/1.5.1/plexus-utils-1.5.1.jar
7fb514be4000-7fb514be6000 r--s 0000a000 08:05 815866                     /home/tomtaylor/.m2/repository/org/apache/maven/plugins/maven-compiler-plugin/3.2/maven-compiler-plugin-3.2.jar
7fb514be6000-7fb514be8000 r--s 0000b000 08:05 1972229                    /home/tomtaylor/.m2/repository/org/codehaus/plexus/plexus-interpolation/1.6/plexus-interpolation-1.6.jar
7fb514be8000-7fb514bea000 r--s 00002000 08:05 1577673                    /home/tomtaylor/.m2/repository/org/codehaus/plexus/plexus-interactivity-api/1.0-alpha-4/plexus-interactivity-api-1.0-alpha-4.jar
7fb514bea000-7fb514bec000 r--s 00006000 08:05 1577670                    /home/tomtaylor/.m2/repository/commons-cli/commons-cli/1.0/commons-cli-1.0.jar
7fb514bec000-7fb514bed000 r--s 00001000 08:05 1447463                    /home/tomtaylor/.m2/repository/org/apache/maven/doxia/doxia-sink-api/1.0-alpha-7/doxia-sink-api-1.0-alpha-7.jar
7fb514bed000-7fb514bee000 r--s 00002000 08:05 1447460                    /home/tomtaylor/.m2/repository/org/apache/maven/reporting/maven-reporting-api/2.0.6/maven-reporting-api-2.0.6.jar
7fb514bee000-7fb514bf0000 r--s 00007000 08:05 1840071                    /home/tomtaylor/.m2/repository/org/apache/maven/shared/maven-filtering/1.0-beta-2/maven-filtering-1.0-beta-2.jar
7fb514bf0000-7fb514bf2000 r--s 00004000 08:05 815724                     /home/tomtaylor/.m2/repository/org/apache/maven/plugins/maven-resources-plugin/2.3/maven-resources-plugin-2.3.jar
7fb514bf2000-7fb514bf3000 r--s 00002000 08:05 1314677                    /home/tomtaylor/.m2/repository/org/codehaus/plexus/plexus-digest/1.0/plexus-digest-1.0.jar
7fb514bf3000-7fb514bf8000 r--s 00039000 08:05 1581554                    /home/tomtaylor/.m2/repository/org/codehaus/plexus/plexus-utils/1.5.6/plexus-utils-1.5.6.jar
7fb514bf8000-7fb514bfb000 r--s 0001b000 08:05 1447439                    /home/tomtaylor/.m2/repository/junit/junit/3.8.1/junit-3.8.1.jar
7fb514bfb000-7fb514bfc000 r--s 00005000 08:05 1311782                    /home/tomtaylor/.m2/repository/org/apache/maven/plugins/maven-install-plugin/2.3/maven-install-plugin-2.3.jar
7fb514bfc000-7fb514c00000 r--s 00034000 08:05 1577647                    /home/tomtaylor/.m2/repository/org/codehaus/plexus/plexus-utils/3.0/plexus-utils-3.0.jar
7fb514c00000-7fb514c02000 r--s 00005000 08:05 807493                     /home/tomtaylor/.m2/repository/org/apache/maven/plugins/maven-clean-plugin/2.5/maven-clean-plugin-2.5.jar
7fb514c02000-7fb514c06000 r--s 0008a000 08:05 1454159                    /home/tomtaylor/jdk/jre/lib/jsse.jar
7fb514c06000-7fb514c08000 r--s 00025000 08:05 279582                     /usr/share/java/maven3-model-3.0.5.jar
7fb514c08000-7fb514c39000 rw-p 00000000 00:00 0 
7fb514c39000-7fb514c4f000 r-xp 00000000 08:05 2237309                    /home/tomtaylor/jdk/jre/lib/amd64/libnet.so
7fb514c4f000-7fb514e4f000 ---p 00016000 08:05 2237309                    /home/tomtaylor/jdk/jre/lib/amd64/libnet.so
7fb514e4f000-7fb514e50000 rw-p 00016000 08:05 2237309                    /home/tomtaylor/jdk/jre/lib/amd64/libnet.so
7fb514e50000-7fb514e60000 r-xp 00000000 08:05 2237341                    /home/tomtaylor/jdk/jre/lib/amd64/libnio.so
7fb514e60000-7fb515060000 ---p 00010000 08:05 2237341                    /home/tomtaylor/jdk/jre/lib/amd64/libnio.so
7fb515060000-7fb515061000 rw-p 00010000 08:05 2237341                    /home/tomtaylor/jdk/jre/lib/amd64/libnio.so
7fb515061000-7fb515063000 r--s 00007000 08:05 278387                     /usr/share/java/commons-cli-1.2.jar
7fb515063000-7fb51506f000 r--s 00082000 08:05 279202                     /usr/share/java/sisu-guice.jar
7fb51506f000-7fb515071000 r--s 00009000 08:05 279590                     /usr/share/java/maven3-plugin-api-3.0.5.jar
7fb515071000-7fb515074000 r--s 0001d000 08:05 1709564                    /usr/share/maven-repo/org/sonatype/aether/aether-impl/1.13.1/aether-impl-1.13.1.jar
7fb515074000-7fb515076000 r--s 00009000 08:05 279585                     /usr/share/java/maven3-settings-3.0.5.jar
7fb515076000-7fb515078000 r--s 0000a000 08:05 279547                     /usr/share/java/wagon-provider-api-2.x.jar
7fb515078000-7fb515079000 r--s 00001000 08:05 279548                     /usr/share/java/wagon-file-2.x.jar
7fb515079000-7fb51507f000 r--s 0002c000 08:05 279210                     /usr/share/java/sisu-inject-plexus.jar
7fb51507f000-7fb515081000 r--s 0000a000 08:05 279587                     /usr/share/java/maven3-artifact-3.0.5.jar
7fb515081000-7fb515083000 r--s 00005000 08:05 279586                     /usr/share/java/maven3-repository-metadata-3.0.5.jar
7fb515083000-7fb515087000 r--s 00020000 08:05 279591                     /usr/share/java/maven3-model-builder-3.0.5.jar
7fb515087000-7fb515088000 r--s 00003000 08:05 1578515                    /usr/share/maven-repo/org/sonatype/aether/aether-spi/1.13.1/aether-spi-1.13.1.jar
7fb515088000-7fb51508a000 r--s 0000b000 08:05 279581                     /usr/share/java/maven3-aether-provider-3.0.5.jar
7fb51508a000-7fb515091000 r--s 0003b000 08:05 278438                     /usr/share/java/commons-codec-1.9.jar
7fb515091000-7fb515097000 r--s 00046000 08:05 278629                     /usr/share/java/commons-httpclient-3.1.jar
7fb515097000-7fb51509d000 r--s 0003e000 08:05 279589                     /usr/share/java/maven3-compat-3.0.5.jar
7fb51509d000-7fb51509f000 r--s 00002000 08:05 278619                     /usr/share/java/plexus-cipher.jar
7fb51509f000-7fb5150ab000 r--s 0007c000 08:05 279583                     /usr/share/java/maven3-core-3.0.5.jar
7fb5150ab000-7fb5150d4000 r--s 001e9000 08:05 278401                     /usr/share/java/guava.jar
7fb5150d4000-7fb5150d5000 ---p 00000000 00:00 0 
7fb5150d5000-7fb5151d5000 rw-p 00000000 00:00 0                          [stack:16597]
7fb5151d5000-7fb5151d8000 ---p 00000000 00:00 0 
7fb5151d8000-7fb5152d6000 rw-p 00000000 00:00 0                          [stack:16596]
7fb5152d6000-7fb5152d9000 ---p 00000000 00:00 0 
7fb5152d9000-7fb5153d7000 rw-p 00000000 00:00 0                          [stack:16595]
7fb5153d7000-7fb5153da000 ---p 00000000 00:00 0 
7fb5153da000-7fb5154d8000 rw-p 00000000 00:00 0                          [stack:16594]
7fb5154d8000-7fb5154db000 ---p 00000000 00:00 0 
7fb5154db000-7fb5155d9000 rw-p 00000000 00:00 0                          [stack:16593]
7fb5155d9000-7fb515e2e000 r--p 00000000 08:05 5173                       /usr/lib/locale/locale-archive
7fb515e2e000-7fb515e31000 ---p 00000000 00:00 0 
7fb515e31000-7fb515f2f000 rw-p 00000000 00:00 0                          [stack:16592]
7fb515f2f000-7fb515f32000 ---p 00000000 00:00 0 
7fb515f32000-7fb519000000 rw-p 00000000 00:00 0                          [stack:16591]
7fb519000000-7fb519270000 rwxp 00000000 00:00 0 
7fb519270000-7fb51cc29000 rw-p 00000000 00:00 0 
7fb51cc29000-7fb520000000 ---p 00000000 00:00 0 
7fb520000000-7fb520004000 r--s 0001c000 08:05 1326274                    /usr/share/maven-repo/org/sonatype/aether/aether-util/1.13.1/aether-util-1.13.1.jar
7fb520004000-7fb520005000 r--s 00006000 08:05 278624                     /usr/share/java/plexus-sec-dispatcher.jar
7fb520005000-7fb520007000 r--s 00000000 08:05 279178                     /usr/share/java/plexus-component-annotations-1.5-1.5.5.jar
7fb520007000-7fb520023000 r--s 00110000 08:05 279555                     /usr/share/java/wagon-http-shaded-2.x.jar
7fb520023000-7fb520025000 r--s 0000e000 08:05 278467                     /usr/share/java/plexus-interpolation.jar
7fb520025000-7fb52002c000 r--s 00040000 08:05 279215                     /usr/share/java/sisu-inject-bean.jar
7fb52002c000-7fb52002d000 ---p 00000000 00:00 0 
7fb52002d000-7fb520ae4000 rw-p 00000000 00:00 0                          [stack:16590]
7fb520ae4000-7fb520ca3000 r--s 039e9000 08:05 1454152                    /home/tomtaylor/jdk/jre/lib/rt.jar
7fb520ca3000-7fb521099000 rw-p 00000000 00:00 0 
7fb521099000-7fb52109a000 ---p 00000000 00:00 0 
7fb52109a000-7fb52119a000 rw-p 00000000 00:00 0                          [stack:16589]
7fb52119a000-7fb52119b000 ---p 00000000 00:00 0 
7fb52119b000-7fb5212a8000 rw-p 00000000 00:00 0                          [stack:16588]
7fb5212a8000-7fb5212c4000 rw-p 00000000 00:00 0 
7fb5212c4000-7fb5212e2000 rw-p 00000000 00:00 0 
7fb5212e2000-7fb5214a7000 rw-p 00000000 00:00 0 
7fb5214a7000-7fb5214b4000 rw-p 00000000 00:00 0 
7fb5214b4000-7fb5214d0000 rw-p 00000000 00:00 0 
7fb5214d0000-7fb5214ee000 rw-p 00000000 00:00 0 
7fb5214ee000-7fb5216b2000 rw-p 00000000 00:00 0 
7fb5216b2000-7fb5216ed000 rw-p 00000000 00:00 0 
7fb5216ed000-7fb5217a4000 rw-p 00000000 00:00 0 
7fb5217a4000-7fb5217a5000 rw-p 00000000 00:00 0 
7fb5217a5000-7fb5217bf000 r-xp 00000000 08:05 2237353                    /home/tomtaylor/jdk/jre/lib/amd64/libzip.so
7fb5217bf000-7fb5219bf000 ---p 0001a000 08:05 2237353                    /home/tomtaylor/jdk/jre/lib/amd64/libzip.so
7fb5219bf000-7fb5219c0000 rw-p 0001a000 08:05 2237353                    /home/tomtaylor/jdk/jre/lib/amd64/libzip.so
7fb5219c0000-7fb5219cb000 r-xp 00000000 08:05 3014755                    /lib/x86_64-linux-gnu/libnss_files-2.19.so
7fb5219cb000-7fb521bca000 ---p 0000b000 08:05 3014755                    /lib/x86_64-linux-gnu/libnss_files-2.19.so
7fb521bca000-7fb521bcb000 r--p 0000a000 08:05 3014755                    /lib/x86_64-linux-gnu/libnss_files-2.19.so
7fb521bcb000-7fb521bcc000 rw-p 0000b000 08:05 3014755                    /lib/x86_64-linux-gnu/libnss_files-2.19.so
7fb521bcc000-7fb521bd7000 r-xp 00000000 08:05 3014756                    /lib/x86_64-linux-gnu/libnss_nis-2.19.so
7fb521bd7000-7fb521dd6000 ---p 0000b000 08:05 3014756                    /lib/x86_64-linux-gnu/libnss_nis-2.19.so
7fb521dd6000-7fb521dd7000 r--p 0000a000 08:05 3014756                    /lib/x86_64-linux-gnu/libnss_nis-2.19.so
7fb521dd7000-7fb521dd8000 rw-p 0000b000 08:05 3014756                    /lib/x86_64-linux-gnu/libnss_nis-2.19.so
7fb521dd8000-7fb521def000 r-xp 00000000 08:05 3014682                    /lib/x86_64-linux-gnu/libnsl-2.19.so
7fb521def000-7fb521fee000 ---p 00017000 08:05 3014682                    /lib/x86_64-linux-gnu/libnsl-2.19.so
7fb521fee000-7fb521fef000 r--p 00016000 08:05 3014682                    /lib/x86_64-linux-gnu/libnsl-2.19.so
7fb521fef000-7fb521ff0000 rw-p 00017000 08:05 3014682                    /lib/x86_64-linux-gnu/libnsl-2.19.so
7fb521ff0000-7fb521ff2000 rw-p 00000000 00:00 0 
7fb521ff2000-7fb521ffb000 r-xp 00000000 08:05 3014661                    /lib/x86_64-linux-gnu/libnss_compat-2.19.so
7fb521ffb000-7fb5221fa000 ---p 00009000 08:05 3014661                    /lib/x86_64-linux-gnu/libnss_compat-2.19.so
7fb5221fa000-7fb5221fb000 r--p 00008000 08:05 3014661                    /lib/x86_64-linux-gnu/libnss_compat-2.19.so
7fb5221fb000-7fb5221fc000 rw-p 00009000 08:05 3014661                    /lib/x86_64-linux-gnu/libnss_compat-2.19.so
7fb5221fc000-7fb522225000 r-xp 00000000 08:05 2237338                    /home/tomtaylor/jdk/jre/lib/amd64/libjava.so
7fb522225000-7fb522425000 ---p 00029000 08:05 2237338                    /home/tomtaylor/jdk/jre/lib/amd64/libjava.so
7fb522425000-7fb522427000 rw-p 00029000 08:05 2237338                    /home/tomtaylor/jdk/jre/lib/amd64/libjava.so
7fb522427000-7fb522434000 r-xp 00000000 08:05 2237308                    /home/tomtaylor/jdk/jre/lib/amd64/libverify.so
7fb522434000-7fb522633000 ---p 0000d000 08:05 2237308                    /home/tomtaylor/jdk/jre/lib/amd64/libverify.so
7fb522633000-7fb522635000 rw-p 0000c000 08:05 2237308                    /home/tomtaylor/jdk/jre/lib/amd64/libverify.so
7fb522635000-7fb52263c000 r-xp 00000000 08:05 3014686                    /lib/x86_64-linux-gnu/librt-2.19.so
7fb52263c000-7fb52283b000 ---p 00007000 08:05 3014686                    /lib/x86_64-linux-gnu/librt-2.19.so
7fb52283b000-7fb52283c000 r--p 00006000 08:05 3014686                    /lib/x86_64-linux-gnu/librt-2.19.so
7fb52283c000-7fb52283d000 rw-p 00007000 08:05 3014686                    /lib/x86_64-linux-gnu/librt-2.19.so
7fb52283d000-7fb522942000 r-xp 00000000 08:05 3014751                    /lib/x86_64-linux-gnu/libm-2.19.so
7fb522942000-7fb522b41000 ---p 00105000 08:05 3014751                    /lib/x86_64-linux-gnu/libm-2.19.so
7fb522b41000-7fb522b42000 r--p 00104000 08:05 3014751                    /lib/x86_64-linux-gnu/libm-2.19.so
7fb522b42000-7fb522b43000 rw-p 00105000 08:05 3014751                    /lib/x86_64-linux-gnu/libm-2.19.so
7fb522b43000-7fb5236b5000 r-xp 00000000 08:05 2371444                    /home/tomtaylor/jdk/jre/lib/amd64/server/libjvm.so
7fb5236b5000-7fb5238b4000 ---p 00b72000 08:05 2371444                    /home/tomtaylor/jdk/jre/lib/amd64/server/libjvm.so
7fb5238b4000-7fb523979000 rw-p 00b71000 08:05 2371444                    /home/tomtaylor/jdk/jre/lib/amd64/server/libjvm.so
7fb523979000-7fb5239b9000 rw-p 00000000 00:00 0 
7fb5239b9000-7fb523b74000 r-xp 00000000 08:05 3014748                    /lib/x86_64-linux-gnu/libc-2.19.so
7fb523b74000-7fb523d74000 ---p 001bb000 08:05 3014748                    /lib/x86_64-linux-gnu/libc-2.19.so
7fb523d74000-7fb523d78000 r--p 001bb000 08:05 3014748                    /lib/x86_64-linux-gnu/libc-2.19.so
7fb523d78000-7fb523d7a000 rw-p 001bf000 08:05 3014748                    /lib/x86_64-linux-gnu/libc-2.19.so
7fb523d7a000-7fb523d7f000 rw-p 00000000 00:00 0 
7fb523d7f000-7fb523d82000 r-xp 00000000 08:05 3014760                    /lib/x86_64-linux-gnu/libdl-2.19.so
7fb523d82000-7fb523f81000 ---p 00003000 08:05 3014760                    /lib/x86_64-linux-gnu/libdl-2.19.so
7fb523f81000-7fb523f82000 r--p 00002000 08:05 3014760                    /lib/x86_64-linux-gnu/libdl-2.19.so
7fb523f82000-7fb523f83000 rw-p 00003000 08:05 3014760                    /lib/x86_64-linux-gnu/libdl-2.19.so
7fb523f83000-7fb523f99000 r-xp 00000000 08:05 817175                     /home/tomtaylor/jdk/lib/amd64/jli/libjli.so
7fb523f99000-7fb524199000 ---p 00016000 08:05 817175                     /home/tomtaylor/jdk/lib/amd64/jli/libjli.so
7fb524199000-7fb52419a000 rw-p 00016000 08:05 817175                     /home/tomtaylor/jdk/lib/amd64/jli/libjli.so
7fb52419a000-7fb5241b3000 r-xp 00000000 08:05 3018720                    /lib/x86_64-linux-gnu/libpthread-2.19.so
7fb5241b3000-7fb5243b2000 ---p 00019000 08:05 3018720                    /lib/x86_64-linux-gnu/libpthread-2.19.so
7fb5243b2000-7fb5243b3000 r--p 00018000 08:05 3018720                    /lib/x86_64-linux-gnu/libpthread-2.19.so
7fb5243b3000-7fb5243b4000 rw-p 00019000 08:05 3018720                    /lib/x86_64-linux-gnu/libpthread-2.19.so
7fb5243b4000-7fb5243b8000 rw-p 00000000 00:00 0 
7fb5243b8000-7fb5243db000 r-xp 00000000 08:05 3014749                    /lib/x86_64-linux-gnu/ld-2.19.so
7fb5243db000-7fb5243dd000 r--s 00006000 08:05 1709570                    /usr/share/maven-repo/org/sonatype/aether/aether-connector-wagon/1.13.1/aether-connector-wagon-1.13.1.jar
7fb5243dd000-7fb524405000 rw-p 00000000 00:00 0 
7fb524405000-7fb5244bb000 rw-p 00000000 00:00 0 
7fb5244bb000-7fb5244be000 ---p 00000000 00:00 0 
7fb5244be000-7fb5245c0000 rw-p 00000000 00:00 0                          [stack:16587]
7fb5245c0000-7fb5245c1000 r--s 0000d000 08:05 278195                     /usr/share/java/commons-logging-1.1.3.jar
7fb5245c1000-7fb5245c3000 r--s 00008000 08:05 279584                     /usr/share/java/maven3-embedder-3.0.5.jar
7fb5245c3000-7fb5245c7000 r--s 00033000 08:05 279167                     /usr/share/java/plexus-utils2-2.0.5.jar
7fb5245c7000-7fb5245ca000 r--s 00013000 08:05 1709552                    /usr/share/maven-repo/org/sonatype/aether/aether-api/1.13.1/aether-api-1.13.1.jar
7fb5245ca000-7fb5245cc000 r--s 00007000 08:05 279588                     /usr/share/java/maven3-settings-builder-3.0.5.jar
7fb5245cc000-7fb5245ce000 r--s 0000a000 08:05 278354                     /usr/share/java/plexus-classworlds2-2.5.1.jar
7fb5245ce000-7fb5245d6000 rw-s 00000000 08:05 1717005                    /tmp/hsperfdata_tomtaylor/16576
7fb5245d6000-7fb5245d7000 rw-p 00000000 00:00 0 
7fb5245d7000-7fb5245d8000 ---p 00000000 00:00 0 
7fb5245d8000-7fb5245da000 rw-p 00000000 00:00 0 
7fb5245da000-7fb5245db000 r--p 00022000 08:05 3014749                    /lib/x86_64-linux-gnu/ld-2.19.so
7fb5245db000-7fb5245dc000 rw-p 00023000 08:05 3014749                    /lib/x86_64-linux-gnu/ld-2.19.so
7fb5245dc000-7fb5245dd000 rw-p 00000000 00:00 0 
7fff8a38e000-7fff8a3af000 rw-p 00000000 00:00 0                          [stack]
7fff8a3fe000-7fff8a400000 r-xp 00000000 00:00 0                          [vdso]
ffffffffff600000-ffffffffff601000 r-xp 00000000 00:00 0                  [vsyscall]

VM Arguments:
jvm_args: -Dclassworlds.conf=/usr/share/maven/bin/m2.conf -Dmaven.home=/usr/share/maven 
java_command: org.codehaus.plexus.classworlds.launcher.Launcher clean -Dmaven.test.skip=true install
Launcher Type: SUN_STANDARD

Environment Variables:
JAVA_HOME=/home/tomtaylor/jdk
PATH=/usr/local/sbin:/usr/local/bin:/usr/sbin:/usr/bin:/sbin:/bin:/usr/games:/usr/local/games
SHELL=/bin/bash
DISPLAY=:0

Signal Handlers:
SIGSEGV: [libjvm.so+0x9a1330], sa_mask[0]=0x7ffbfeff, sa_flags=0x10000004
SIGBUS: [libjvm.so+0x9a1330], sa_mask[0]=0x7ffbfeff, sa_flags=0x10000004
SIGFPE: [libjvm.so+0x81b390], sa_mask[0]=0x7ffbfeff, sa_flags=0x10000004
SIGPIPE: [libjvm.so+0x81b390], sa_mask[0]=0x7ffbfeff, sa_flags=0x10000004
SIGXFSZ: [libjvm.so+0x81b390], sa_mask[0]=0x7ffbfeff, sa_flags=0x10000004
SIGILL: [libjvm.so+0x81b390], sa_mask[0]=0x7ffbfeff, sa_flags=0x10000004
SIGUSR1: SIG_DFL, sa_mask[0]=0x00000000, sa_flags=0x00000000
SIGUSR2: [libjvm.so+0x81cb90], sa_mask[0]=0x00000000, sa_flags=0x10000004
SIGHUP: [libjvm.so+0x81dc90], sa_mask[0]=0x7ffbfeff, sa_flags=0x10000004
SIGINT: [libjvm.so+0x81dc90], sa_mask[0]=0x7ffbfeff, sa_flags=0x10000004
SIGTERM: [libjvm.so+0x81dc90], sa_mask[0]=0x7ffbfeff, sa_flags=0x10000004
SIGQUIT: [libjvm.so+0x81dc90], sa_mask[0]=0x7ffbfeff, sa_flags=0x10000004


---------------  S Y S T E M  ---------------

OS:jessie/sid

uname:Linux 3.13.0-40-generic #69-Ubuntu SMP Thu Nov 13 17:53:56 UTC 2014 x86_64
libc:glibc 2.19 NPTL 2.19 
rlimit: STACK 8192k, CORE 0k, NPROC 46126, NOFILE 4096, AS infinity
load average:1,18 0,57 0,53

/proc/meminfo:
MemTotal:        5925828 kB
MemFree:          136528 kB
Buffers:            2612 kB
Cached:           672728 kB
SwapCached:            0 kB
Active:          4937496 kB
Inactive:         642932 kB
Active(anon):    4909184 kB
Inactive(anon):   614528 kB
Active(file):      28312 kB
Inactive(file):    28404 kB
Unevictable:           0 kB
Mlocked:               0 kB
SwapTotal:             0 kB
SwapFree:              0 kB
Dirty:              2504 kB
Writeback:             0 kB
AnonPages:       4905512 kB
Mapped:           187468 kB
Shmem:            618208 kB
Slab:              64084 kB
SReclaimable:      32720 kB
SUnreclaim:        31364 kB
KernelStack:        4552 kB
PageTables:        39664 kB
NFS_Unstable:          0 kB
Bounce:                0 kB
WritebackTmp:          0 kB
CommitLimit:     2962912 kB
Committed_AS:    9020504 kB
VmallocTotal:   34359738367 kB
VmallocUsed:      408940 kB
VmallocChunk:   34359311016 kB
HardwareCorrupted:     0 kB
AnonHugePages:   3538944 kB
HugePages_Total:       0
HugePages_Free:        0
HugePages_Rsvd:        0
HugePages_Surp:        0
Hugepagesize:       2048 kB
DirectMap4k:       74496 kB
DirectMap2M:     6029312 kB


CPU:total 2 (2 cores per cpu, 1 threads per core) family 6 model 42 stepping 7, cmov, cx8, fxsr, mmx, sse, sse2, sse3, ssse3, sse4.1, sse4.2, popcnt, tsc, tscinvbit

/proc/cpuinfo:
processor	: 0
vendor_id	: GenuineIntel
cpu family	: 6
model		: 42
model name	: Intel(R) Pentium(R) CPU B960 @ 2.20GHz
stepping	: 7
microcode	: 0x28
cpu MHz		: 900.000
cache size	: 2048 KB
physical id	: 0
siblings	: 2
core id		: 0
cpu cores	: 2
apicid		: 0
initial apicid	: 0
fpu		: yes
fpu_exception	: yes
cpuid level	: 13
wp		: yes
flags		: fpu vme de pse tsc msr pae mce cx8 apic sep mtrr pge mca cmov pat pse36 clflush dts acpi mmx fxsr sse sse2 ss ht tm pbe syscall nx rdtscp lm constant_tsc arch_perfmon pebs bts rep_good nopl xtopology nonstop_tsc aperfmperf eagerfpu pni pclmulqdq dtes64 monitor ds_cpl est tm2 ssse3 cx16 xtpr pdcm pcid sse4_1 sse4_2 x2apic popcnt tsc_deadline_timer xsave lahf_lm arat epb xsaveopt pln pts dtherm
bogomips	: 4390.16
clflush size	: 64
cache_alignment	: 64
address sizes	: 36 bits physical, 48 bits virtual
power management:

processor	: 1
vendor_id	: GenuineIntel
cpu family	: 6
model		: 42
model name	: Intel(R) Pentium(R) CPU B960 @ 2.20GHz
stepping	: 7
microcode	: 0x28
cpu MHz		: 2200.000
cache size	: 2048 KB
physical id	: 0
siblings	: 2
core id		: 1
cpu cores	: 2
apicid		: 2
initial apicid	: 2
fpu		: yes
fpu_exception	: yes
cpuid level	: 13
wp		: yes
flags		: fpu vme de pse tsc msr pae mce cx8 apic sep mtrr pge mca cmov pat pse36 clflush dts acpi mmx fxsr sse sse2 ss ht tm pbe syscall nx rdtscp lm constant_tsc arch_perfmon pebs bts rep_good nopl xtopology nonstop_tsc aperfmperf eagerfpu pni pclmulqdq dtes64 monitor ds_cpl est tm2 ssse3 cx16 xtpr pdcm pcid sse4_1 sse4_2 x2apic popcnt tsc_deadline_timer xsave lahf_lm arat epb xsaveopt pln pts dtherm
bogomips	: 4390.16
clflush size	: 64
cache_alignment	: 64
address sizes	: 36 bits physical, 48 bits virtual
power management:



Memory: 4k page, physical 5925828k(136528k free), swap 0k(0k free)

vm_info: Java HotSpot(TM) 64-Bit Server VM (24.71-b01) for linux-amd64 JRE (1.7.0_71-b14), built on Sep 26 2014 16:41:40 by "java_re" with gcc 4.3.0 20080428 (Red Hat 4.3.0-8)

time: Sun Nov 30 22:06:58 2014
elapsed time: 22 seconds

