#
# There is insufficient memory for the Java Runtime Environment to continue.
# Native memory allocation (malloc) failed to allocate 92274688 bytes for committing reserved memory.
# Possible reasons:
#   The system is out of physical RAM or swap space
#   In 32 bit mode, the process size limit was hit
# Possible solutions:
#   Reduce memory load on the system
#   Increase physical memory or swap space
#   Check if swap backing store is full
#   Use 64 bit Java on a 64 bit OS
#   Decrease Java heap size (-Xmx/-Xms)
#   Decrease number of Java threads
#   Decrease Java thread stack sizes (-Xss)
#   Set larger code cache with -XX:ReservedCodeCacheSize=
# This output file may be truncated or incomplete.
#
#  Out of Memory Error (os_linux.cpp:2745), pid=10673, tid=139736506918656
#
# JRE version: Java(TM) SE Runtime Environment (7.0_71-b14) (build 1.7.0_71-b14)
# Java VM: Java HotSpot(TM) 64-Bit Server VM (24.71-b01 mixed mode linux-amd64 compressed oops)
# Failed to write core dump. Core dumps have been disabled. To enable core dumping, try "ulimit -c unlimited" before starting Java again
#

---------------  T H R E A D  ---------------

Current thread (0x00007f16ec0ec000):  VMThread [stack: 0x00007f16f0cb6000,0x00007f16f0db7000] [id=10678]

Stack: [0x00007f16f0cb6000,0x00007f16f0db7000],  sp=0x00007f16f0db51c0,  free space=1020k
Native frames: (J=compiled Java code, j=interpreted, Vv=VM code, C=native code)
V  [libjvm.so+0x9a0a1a]  VMError::report_and_die()+0x2ea
V  [libjvm.so+0x4974bb]  report_vm_out_of_memory(char const*, int, unsigned long, char const*)+0x9b
V  [libjvm.so+0x81e4de]  os::Linux::commit_memory_impl(char*, unsigned long, bool)+0xfe
V  [libjvm.so+0x81ea29]  os::pd_commit_memory(char*, unsigned long, unsigned long, bool)+0x29
V  [libjvm.so+0x8187da]  os::commit_memory(char*, unsigned long, unsigned long, bool)+0x2a
V  [libjvm.so+0x88b2e3]  PSVirtualSpace::expand_by(unsigned long)+0x53
V  [libjvm.so+0x88c6b8]  PSYoungGen::resize_generation(unsigned long, unsigned long)+0xf8
V  [libjvm.so+0x88b822]  PSYoungGen::resize(unsigned long, unsigned long)+0x22
V  [libjvm.so+0x888c73]  PSScavenge::invoke_no_policy()+0xfb3
V  [libjvm.so+0x889421]  PSScavenge::invoke()+0x41
V  [libjvm.so+0x840050]  ParallelScavengeHeap::failed_mem_allocate(unsigned long)+0x70
V  [libjvm.so+0x9a22a7]  VM_ParallelGCFailedAllocation::doit()+0x97
V  [libjvm.so+0x9a9745]  VM_Operation::evaluate()+0x55
V  [libjvm.so+0x9a7b0a]  VMThread::evaluate_operation(VM_Operation*)+0xba
V  [libjvm.so+0x9a7e8e]  VMThread::loop()+0x1ce
V  [libjvm.so+0x9a8300]  VMThread::run()+0x70
V  [libjvm.so+0x8204b8]  java_start(Thread*)+0x108

VM_Operation (0x00007f16f51b6e40): ParallelGCFailedAllocation, mode: safepoint, requested by thread 0x00007f16ec00a000


---------------  P R O C E S S  ---------------

Java Threads: ( => current thread )
  0x00007f16ec11b000 JavaThread "Service Thread" daemon [_thread_blocked, id=10684, stack(0x00007f16e5e2e000,0x00007f16e5f2f000)]
  0x00007f16ec119000 JavaThread "C2 CompilerThread1" daemon [_thread_blocked, id=10683, stack(0x00007f16e5f2f000,0x00007f16e6030000)]
  0x00007f16ec116000 JavaThread "C2 CompilerThread0" daemon [_thread_blocked, id=10682, stack(0x00007f16f005d000,0x00007f16f015e000)]
  0x00007f16ec113800 JavaThread "Signal Dispatcher" daemon [_thread_blocked, id=10681, stack(0x00007f16f015e000,0x00007f16f025f000)]
  0x00007f16ec0f2800 JavaThread "Finalizer" daemon [_thread_blocked, id=10680, stack(0x00007f16f0ab4000,0x00007f16f0bb5000)]
  0x00007f16ec0f0800 JavaThread "Reference Handler" daemon [_thread_blocked, id=10679, stack(0x00007f16f0bb5000,0x00007f16f0cb6000)]
  0x00007f16ec00a000 JavaThread "main" [_thread_blocked, id=10675, stack(0x00007f16f50ba000,0x00007f16f51bb000)]

Other Threads:
=>0x00007f16ec0ec000 VMThread [stack: 0x00007f16f0cb6000,0x00007f16f0db7000] [id=10678]
  0x00007f16ec125800 WatcherThread [stack: 0x00007f16e5d2d000,0x00007f16e5e2e000] [id=10685]

VM state:at safepoint (normal execution)

VM Mutex/Monitor currently owned by a thread:  ([mutex/lock_event])
[0x00007f16ec0061a0] Threads_lock - owner thread: 0x00007f16ec0ec000
[0x00007f16ec0066a0] Heap_lock - owner thread: 0x00007f16ec00a000

Heap
 PSYoungGen      total 159744K, used 3482K [0x00000000e1d00000, 0x00000000ec280000, 0x0000000100000000)
  eden space 150528K, 0% used [0x00000000e1d00000,0x00000000e1d00000,0x00000000eb000000)
  from space 9216K, 37% used [0x00000000eb000000,0x00000000eb366ba0,0x00000000eb900000)
  to   space 8704K, 0% used [0x00000000eb900000,0x00000000eb900000,0x00000000ec180000)
 ParOldGen       total 61440K, used 14471K [0x00000000a5800000, 0x00000000a9400000, 0x00000000e1d00000)
  object space 61440K, 23% used [0x00000000a5800000,0x00000000a6621c58,0x00000000a9400000)
 PSPermGen       total 30720K, used 30654K [0x00000000a0600000, 0x00000000a2400000, 0x00000000a5800000)
  object space 30720K, 99% used [0x00000000a0600000,0x00000000a23ef960,0x00000000a2400000)

Card table byte_map: [0x00007f16f20a6000,0x00007f16f23a4000] byte_map_base: 0x00007f16f1ba3000

Polling page: 0x00007f16f51d6000

Code Cache  [0x00007f16e9000000, 0x00007f16e9350000, 0x00007f16ec000000)
 total_blobs=1407 nmethods=988 adapters=369 free_code_cache=45869Kb largest_free_block=46914496

Compilation events (10 events):
Event: 16,522 Thread 0x00007f16ec116000 1035             com.sun.org.apache.xerces.internal.impl.validation.ValidationState::needToNormalize (5 bytes)
Event: 16,522 Thread 0x00007f16ec116000 nmethod 1035 0x00007f16e9338e50 code [0x00007f16e9338f80, 0x00007f16e9338fd8]
Event: 16,522 Thread 0x00007f16ec119000 1036             com.sun.org.apache.xerces.internal.impl.validation.ValidationState::needExtraChecking (5 bytes)
Event: 16,523 Thread 0x00007f16ec119000 nmethod 1036 0x00007f16e933be10 code [0x00007f16e933bf40, 0x00007f16e933bf98]
Event: 16,524 Thread 0x00007f16ec116000 1037   !         com.sun.org.apache.xerces.internal.impl.dv.xs.XSSimpleTypeDecl::getActualValue (927 bytes)
Event: 16,535 Thread 0x00007f16ec119000 1038             java.util.ArrayList::contains (14 bytes)
Event: 16,537 Thread 0x00007f16ec119000 nmethod 1038 0x00007f16e9337f50 code [0x00007f16e93380a0, 0x00007f16e93381d8]
Event: 16,565 Thread 0x00007f16ec119000 1040             java.net.URL::isValidProtocol (78 bytes)
Event: 16,570 Thread 0x00007f16ec119000 nmethod 1040 0x00007f16e93372d0 code [0x00007f16e9337440, 0x00007f16e9337838]
Event: 16,626 Thread 0x00007f16ec119000 1041             org.springframework.core.ResolvableType::hashCode (46 bytes)

GC Heap History (10 events):
Event: 6,041 GC heap after
Heap after GC invocations=6 (full 0):
 PSYoungGen      total 54272K, used 7146K [0x00000000e1d00000, 0x00000000e5c00000, 0x0000000100000000)
  eden space 47104K, 0% used [0x00000000e1d00000,0x00000000e1d00000,0x00000000e4b00000)
  from space 7168K, 99% used [0x00000000e5300000,0x00000000e59fa9f8,0x00000000e5a00000)
  to   space 8192K, 0% used [0x00000000e4b00000,0x00000000e4b00000,0x00000000e5300000)
 ParOldGen       total 61440K, used 7591K [0x00000000a5800000, 0x00000000a9400000, 0x00000000e1d00000)
  object space 61440K, 12% used [0x00000000a5800000,0x00000000a5f69d38,0x00000000a9400000)
 PSPermGen       total 25088K, used 24697K [0x00000000a0600000, 0x00000000a1e80000, 0x00000000a5800000)
  object space 25088K, 98% used [0x00000000a0600000,0x00000000a1e1e6f0,0x00000000a1e80000)
}
Event: 7,343 GC heap before
{Heap before GC invocations=7 (full 0):
 PSYoungGen      total 54272K, used 54250K [0x00000000e1d00000, 0x00000000e5c00000, 0x0000000100000000)
  eden space 47104K, 100% used [0x00000000e1d00000,0x00000000e4b00000,0x00000000e4b00000)
  from space 7168K, 99% used [0x00000000e5300000,0x00000000e59fa9f8,0x00000000e5a00000)
  to   space 8192K, 0% used [0x00000000e4b00000,0x00000000e4b00000,0x00000000e5300000)
 ParOldGen       total 61440K, used 7591K [0x00000000a5800000, 0x00000000a9400000, 0x00000000e1d00000)
  object space 61440K, 12% used [0x00000000a5800000,0x00000000a5f69d38,0x00000000a9400000)
 PSPermGen       total 29184K, used 29105K [0x00000000a0600000, 0x00000000a2280000, 0x00000000a5800000)
  object space 29184K, 99% used [0x00000000a0600000,0x00000000a226c488,0x00000000a2280000)
Event: 7,361 GC heap after
Heap after GC invocations=7 (full 0):
 PSYoungGen      total 55296K, used 8173K [0x00000000e1d00000, 0x00000000e8b00000, 0x0000000100000000)
  eden space 47104K, 0% used [0x00000000e1d00000,0x00000000e1d00000,0x00000000e4b00000)
  from space 8192K, 99% used [0x00000000e4b00000,0x00000000e52fb518,0x00000000e5300000)
  to   space 9216K, 0% used [0x00000000e8200000,0x00000000e8200000,0x00000000e8b00000)
 ParOldGen       total 61440K, used 9025K [0x00000000a5800000, 0x00000000a9400000, 0x00000000e1d00000)
  object space 61440K, 14% used [0x00000000a5800000,0x00000000a60d05a0,0x00000000a9400000)
 PSPermGen       total 29184K, used 29105K [0x00000000a0600000, 0x00000000a2280000, 0x00000000a5800000)
  object space 29184K, 99% used [0x00000000a0600000,0x00000000a226c488,0x00000000a2280000)
}
Event: 8,619 GC heap before
{Heap before GC invocations=8 (full 0):
 PSYoungGen      total 55296K, used 55277K [0x00000000e1d00000, 0x00000000e8b00000, 0x0000000100000000)
  eden space 47104K, 100% used [0x00000000e1d00000,0x00000000e4b00000,0x00000000e4b00000)
  from space 8192K, 99% used [0x00000000e4b00000,0x00000000e52fb518,0x00000000e5300000)
  to   space 9216K, 0% used [0x00000000e8200000,0x00000000e8200000,0x00000000e8b00000)
 ParOldGen       total 61440K, used 9025K [0x00000000a5800000, 0x00000000a9400000, 0x00000000e1d00000)
  object space 61440K, 14% used [0x00000000a5800000,0x00000000a60d05a0,0x00000000a9400000)
 PSPermGen       total 30208K, used 30031K [0x00000000a0600000, 0x00000000a2380000, 0x00000000a5800000)
  object space 30208K, 99% used [0x00000000a0600000,0x00000000a2353c10,0x00000000a2380000)
Event: 8,645 GC heap after
Heap after GC invocations=8 (full 0):
 PSYoungGen      total 103424K, used 5598K [0x00000000e1d00000, 0x00000000e8b00000, 0x0000000100000000)
  eden space 94208K, 0% used [0x00000000e1d00000,0x00000000e1d00000,0x00000000e7900000)
  from space 9216K, 60% used [0x00000000e8200000,0x00000000e8777a50,0x00000000e8b00000)
  to   space 9216K, 0% used [0x00000000e7900000,0x00000000e7900000,0x00000000e8200000)
 ParOldGen       total 61440K, used 10237K [0x00000000a5800000, 0x00000000a9400000, 0x00000000e1d00000)
  object space 61440K, 16% used [0x00000000a5800000,0x00000000a61ff5b0,0x00000000a9400000)
 PSPermGen       total 30208K, used 30031K [0x00000000a0600000, 0x00000000a2380000, 0x00000000a5800000)
  object space 30208K, 99% used [0x00000000a0600000,0x00000000a2353c10,0x00000000a2380000)
}
Event: 11,533 GC heap before
{Heap before GC invocations=9 (full 0):
 PSYoungGen      total 103424K, used 99806K [0x00000000e1d00000, 0x00000000e8b00000, 0x0000000100000000)
  eden space 94208K, 100% used [0x00000000e1d00000,0x00000000e7900000,0x00000000e7900000)
  from space 9216K, 60% used [0x00000000e8200000,0x00000000e8777a50,0x00000000e8b00000)
  to   space 9216K, 0% used [0x00000000e7900000,0x00000000e7900000,0x00000000e8200000)
 ParOldGen       total 61440K, used 10237K [0x00000000a5800000, 0x00000000a9400000, 0x00000000e1d00000)
  object space 61440K, 16% used [0x00000000a5800000,0x00000000a61ff5b0,0x00000000a9400000)
 PSPermGen       total 30720K, used 30397K [0x00000000a0600000, 0x00000000a2400000, 0x00000000a5800000)
  object space 30720K, 98% used [0x00000000a0600000,0x00000000a23af7c0,0x00000000a2400000)
Event: 11,756 GC heap after
Heap after GC invocations=9 (full 0):
 PSYoungGen      total 103424K, used 6472K [0x00000000e1d00000, 0x00000000ec180000, 0x0000000100000000)
  eden space 94208K, 0% used [0x00000000e1d00000,0x00000000e1d00000,0x00000000e7900000)
  from space 9216K, 70% used [0x00000000e7900000,0x00000000e7f522d0,0x00000000e8200000)
  to   space 8704K, 0% used [0x00000000eb900000,0x00000000eb900000,0x00000000ec180000)
 ParOldGen       total 61440K, used 11707K [0x00000000a5800000, 0x00000000a9400000, 0x00000000e1d00000)
  object space 61440K, 19% used [0x00000000a5800000,0x00000000a636ec48,0x00000000a9400000)
 PSPermGen       total 30720K, used 30397K [0x00000000a0600000, 0x00000000a2400000, 0x00000000a5800000)
  object space 30720K, 98% used [0x00000000a0600000,0x00000000a23af7c0,0x00000000a2400000)
}
Event: 13,619 GC heap before
{Heap before GC invocations=10 (full 0):
 PSYoungGen      total 103424K, used 100680K [0x00000000e1d00000, 0x00000000ec180000, 0x0000000100000000)
  eden space 94208K, 100% used [0x00000000e1d00000,0x00000000e7900000,0x00000000e7900000)
  from space 9216K, 70% used [0x00000000e7900000,0x00000000e7f522d0,0x00000000e8200000)
  to   space 8704K, 0% used [0x00000000eb900000,0x00000000eb900000,0x00000000ec180000)
 ParOldGen       total 61440K, used 11707K [0x00000000a5800000, 0x00000000a9400000, 0x00000000e1d00000)
  object space 61440K, 19% used [0x00000000a5800000,0x00000000a636ec48,0x00000000a9400000)
 PSPermGen       total 30720K, used 30512K [0x00000000a0600000, 0x00000000a2400000, 0x00000000a5800000)
  object space 30720K, 99% used [0x00000000a0600000,0x00000000a23cc3b0,0x00000000a2400000)
Event: 13,633 GC heap after
Heap after GC invocations=10 (full 0):
 PSYoungGen      total 159232K, used 3996K [0x00000000e1d00000, 0x00000000ec280000, 0x0000000100000000)
  eden space 150528K, 0% used [0x00000000e1d00000,0x00000000e1d00000,0x00000000eb000000)
  from space 8704K, 45% used [0x00000000eb900000,0x00000000ebce7090,0x00000000ec180000)
  to   space 9216K, 0% used [0x00000000eb000000,0x00000000eb000000,0x00000000eb900000)
 ParOldGen       total 61440K, used 14231K [0x00000000a5800000, 0x00000000a9400000, 0x00000000e1d00000)
  object space 61440K, 23% used [0x00000000a5800000,0x00000000a65e5c58,0x00000000a9400000)
 PSPermGen       total 30720K, used 30512K [0x00000000a0600000, 0x00000000a2400000, 0x00000000a5800000)
  object space 30720K, 99% used [0x00000000a0600000,0x00000000a23cc3b0,0x00000000a2400000)
}
Event: 16,632 GC heap before
{Heap before GC invocations=11 (full 0):
 PSYoungGen      total 159232K, used 154524K [0x00000000e1d00000, 0x00000000ec280000, 0x0000000100000000)
  eden space 150528K, 100% used [0x00000000e1d00000,0x00000000eb000000,0x00000000eb000000)
  from space 8704K, 45% used [0x00000000eb900000,0x00000000ebce7090,0x00000000ec180000)
  to   space 9216K, 0% used [0x00000000eb000000,0x00000000eb000000,0x00000000eb900000)
 ParOldGen       total 61440K, used 14231K [0x00000000a5800000, 0x00000000a9400000, 0x00000000e1d00000)
  object space 61440K, 23% used [0x00000000a5800000,0x00000000a65e5c58,0x00000000a9400000)
 PSPermGen       total 30720K, used 30654K [0x00000000a0600000, 0x00000000a2400000, 0x00000000a5800000)
  object space 30720K, 99% used [0x00000000a0600000,0x00000000a23ef960,0x00000000a2400000)

Deoptimization events (10 events):
Event: 12,033 Thread 0x00007f16ec00a000 Uncommon trap: reason=null_check action=make_not_entrant pc=0x00007f16e92210a8 method=sun.reflect.Reflection.filterMethods(Ljava/lang/Class;[Ljava/lang/reflect/Method;)[Ljava/lang/reflect/Method; @ 18
Event: 12,594 Thread 0x00007f16ec00a000 Uncommon trap: reason=bimorphic action=maybe_recompile pc=0x00007f16e910dd30 method=org.springframework.asm.ClassReader.readCode(Lorg/springframework/asm/MethodVisitor;Lorg/springframework/asm/Context;I)V @ 2462
Event: 12,604 Thread 0x00007f16ec00a000 Uncommon trap: reason=null_check action=make_not_entrant pc=0x00007f16e9280fc4 method=org.springframework.data.mapping.model.AbstractPersistentProperty.getGetter()Ljava/lang/reflect/Method; @ 31
Event: 13,784 Thread 0x00007f16ec00a000 Uncommon trap: reason=null_check action=make_not_entrant pc=0x00007f16e91de914 method=org.springframework.data.mapping.model.AbstractPersistentProperty.getSetter()Ljava/lang/reflect/Method; @ 33
Event: 13,863 Thread 0x00007f16ec00a000 Uncommon trap: reason=null_check action=make_not_entrant pc=0x00007f16e92e6e68 method=org.springframework.orm.jpa.support.PersistenceAnnotationBeanPostProcessor$PersistenceElement.<init>(Lorg/springframework/orm/jpa/support/PersistenceAnnotationBeanPostPr
Event: 14,759 Thread 0x00007f16ec00a000 Uncommon trap: reason=array_check action=maybe_recompile pc=0x00007f16e91c637c method=org.hsqldb.lib.HsqlArrayList.add(Ljava/lang/Object;)Z @ 25
Event: 14,759 Thread 0x00007f16ec00a000 Uncommon trap: reason=array_check action=maybe_recompile pc=0x00007f16e91c637c method=org.hsqldb.lib.HsqlArrayList.add(Ljava/lang/Object;)Z @ 25
Event: 14,759 Thread 0x00007f16ec00a000 Uncommon trap: reason=array_check action=maybe_recompile pc=0x00007f16e91c637c method=org.hsqldb.lib.HsqlArrayList.add(Ljava/lang/Object;)Z @ 25
Event: 14,759 Thread 0x00007f16ec00a000 Uncommon trap: reason=array_check action=maybe_recompile pc=0x00007f16e91c637c method=org.hsqldb.lib.HsqlArrayList.add(Ljava/lang/Object;)Z @ 25
Event: 15,221 Thread 0x00007f16ec00a000 Uncommon trap: reason=null_check action=make_not_entrant pc=0x00007f16e931736c method=org.springframework.beans.factory.support.AbstractAutowireCapableBeanFactory.filterPropertyDescriptorsForDependencyCheck(Lorg/springframework/beans/BeanWrapper;Z)[Ljava/

Internal exceptions (10 events):
Event: 16,538 Thread 0x00007f16ec00a000 Threw 0x00000000ea3586d8 at /HUDSON/workspace/7u-2-build-linux-amd64/jdk7u71/1605/hotspot/src/share/vm/prims/jvm.cpp:1281
Event: 16,538 Thread 0x00007f16ec00a000 Threw 0x00000000ea35d8f0 at /HUDSON/workspace/7u-2-build-linux-amd64/jdk7u71/1605/hotspot/src/share/vm/prims/jvm.cpp:1281
Event: 16,538 Thread 0x00007f16ec00a000 Threw 0x00000000ea35e0e0 at /HUDSON/workspace/7u-2-build-linux-amd64/jdk7u71/1605/hotspot/src/share/vm/prims/jvm.cpp:1281
Event: 16,538 Thread 0x00007f16ec00a000 Threw 0x00000000ea3624a0 at /HUDSON/workspace/7u-2-build-linux-amd64/jdk7u71/1605/hotspot/src/share/vm/prims/jvm.cpp:1281
Event: 16,538 Thread 0x00007f16ec00a000 Threw 0x00000000ea362dd8 at /HUDSON/workspace/7u-2-build-linux-amd64/jdk7u71/1605/hotspot/src/share/vm/prims/jvm.cpp:1281
Event: 16,538 Thread 0x00007f16ec00a000 Threw 0x00000000ea3671a8 at /HUDSON/workspace/7u-2-build-linux-amd64/jdk7u71/1605/hotspot/src/share/vm/prims/jvm.cpp:1281
Event: 16,567 Thread 0x00007f16ec00a000 Threw 0x00000000ea81e578 at /HUDSON/workspace/7u-2-build-linux-amd64/jdk7u71/1605/hotspot/src/share/vm/prims/jvm.cpp:1281
Event: 16,567 Thread 0x00007f16ec00a000 Threw 0x00000000ea822f80 at /HUDSON/workspace/7u-2-build-linux-amd64/jdk7u71/1605/hotspot/src/share/vm/prims/jvm.cpp:1281
Event: 16,567 Thread 0x00007f16ec00a000 Threw 0x00000000ea8238e8 at /HUDSON/workspace/7u-2-build-linux-amd64/jdk7u71/1605/hotspot/src/share/vm/prims/jvm.cpp:1281
Event: 16,567 Thread 0x00007f16ec00a000 Threw 0x00000000ea828300 at /HUDSON/workspace/7u-2-build-linux-amd64/jdk7u71/1605/hotspot/src/share/vm/prims/jvm.cpp:1281

Events (10 events):
Event: 16,538 loading class 0x00007f16ec4f2140
Event: 16,538 loading class 0x00007f16ec4f2140 done
Event: 16,538 loading class 0x00007f16ec4f21f0
Event: 16,538 loading class 0x00007f16ec4f21f0 done
Event: 16,567 loading class 0x00007f16ec515e70
Event: 16,567 loading class 0x00007f16ec515e70 done
Event: 16,567 loading class 0x00007f16ec515b50
Event: 16,567 loading class 0x00007f16ec515b50 done
Event: 16,571 Thread 0x00007f16ec119000 flushing nmethod 0x00007f16e91c60d0
Event: 16,632 Executing VM operation: ParallelGCFailedAllocation


Dynamic libraries:
00400000-00401000 r-xp 00000000 08:05 1311677                            /home/tomtaylor/jdk/jre/bin/java
00600000-00601000 rw-p 00000000 08:05 1311677                            /home/tomtaylor/jdk/jre/bin/java
01e3a000-01e5b000 rw-p 00000000 00:00 0                                  [heap]
a0600000-a2400000 rw-p 00000000 00:00 0 
a2400000-a5800000 rw-p 00000000 00:00 0 
a5800000-a9400000 rw-p 00000000 00:00 0 
a9400000-e1d00000 rw-p 00000000 00:00 0 
e1d00000-ec280000 rw-p 00000000 00:00 0 
f1a80000-100000000 rw-p 00000000 00:00 0 
7f16b8000000-7f16b8021000 rw-p 00000000 00:00 0 
7f16b8021000-7f16bc000000 ---p 00000000 00:00 0 
7f16bc000000-7f16bc021000 rw-p 00000000 00:00 0 
7f16bc021000-7f16c0000000 ---p 00000000 00:00 0 
7f16c0000000-7f16c11b1000 rw-p 00000000 00:00 0 
7f16c11b1000-7f16c4000000 ---p 00000000 00:00 0 
7f16c4000000-7f16c4021000 rw-p 00000000 00:00 0 
7f16c4021000-7f16c8000000 ---p 00000000 00:00 0 
7f16c8000000-7f16c8021000 rw-p 00000000 00:00 0 
7f16c8021000-7f16cc000000 ---p 00000000 00:00 0 
7f16cc000000-7f16cd4ea000 rw-p 00000000 00:00 0 
7f16cd4ea000-7f16d0000000 ---p 00000000 00:00 0 
7f16d0000000-7f16d0021000 rw-p 00000000 00:00 0 
7f16d0021000-7f16d4000000 ---p 00000000 00:00 0 
7f16d4000000-7f16d4021000 rw-p 00000000 00:00 0 
7f16d4021000-7f16d8000000 ---p 00000000 00:00 0 
7f16d8000000-7f16d802c000 rw-p 00000000 00:00 0 
7f16d802c000-7f16dc000000 ---p 00000000 00:00 0 
7f16dc000000-7f16dc26e000 rw-p 00000000 00:00 0 
7f16dc26e000-7f16e0000000 ---p 00000000 00:00 0 
7f16e0000000-7f16e0021000 rw-p 00000000 00:00 0 
7f16e0021000-7f16e4000000 ---p 00000000 00:00 0 
7f16e5668000-7f16e5669000 rw-p 00000000 00:00 0 
7f16e5669000-7f16e5670000 r--s 00000000 08:05 270598                     /usr/lib/x86_64-linux-gnu/gconv/gconv-modules.cache
7f16e5670000-7f16e5689000 r--p 00000000 08:05 401768                     /usr/share/locale-langpack/hu/LC_MESSAGES/libc.mo
7f16e5689000-7f16e568d000 r--s 0008a000 08:05 1454159                    /home/tomtaylor/jdk/jre/lib/jsse.jar
7f16e568d000-7f16e5690000 ---p 00000000 00:00 0 
7f16e5690000-7f16e578e000 rw-p 00000000 00:00 0 
7f16e578e000-7f16e57a4000 r-xp 00000000 08:05 2237309                    /home/tomtaylor/jdk/jre/lib/amd64/libnet.so
7f16e57a4000-7f16e59a4000 ---p 00016000 08:05 2237309                    /home/tomtaylor/jdk/jre/lib/amd64/libnet.so
7f16e59a4000-7f16e59a5000 rw-p 00016000 08:05 2237309                    /home/tomtaylor/jdk/jre/lib/amd64/libnet.so
7f16e59a5000-7f16e59b5000 r-xp 00000000 08:05 2237341                    /home/tomtaylor/jdk/jre/lib/amd64/libnio.so
7f16e59b5000-7f16e5bb5000 ---p 00010000 08:05 2237341                    /home/tomtaylor/jdk/jre/lib/amd64/libnio.so
7f16e5bb5000-7f16e5bb6000 rw-p 00010000 08:05 2237341                    /home/tomtaylor/jdk/jre/lib/amd64/libnio.so
7f16e5bb6000-7f16e5bc0000 r--s 00251000 08:05 1454115                    /home/tomtaylor/jdk/jre/lib/resources.jar
7f16e5bc0000-7f16e5bc2000 r--s 00007000 08:05 1455312                    /home/tomtaylor/.m2/repository/org/apache/maven/surefire/surefire-junit4/2.10/surefire-junit4-2.10.jar
7f16e5bc2000-7f16e5bcd000 r--s 0004d000 08:05 1844688                    /home/tomtaylor/.m2/repository/org/springframework/security/spring-security-core/3.2.0.RELEASE/spring-security-core-3.2.0.RELEASE.jar
7f16e5bcd000-7f16e5bd4000 r--s 0005b000 08:05 1844685                    /home/tomtaylor/.m2/repository/org/springframework/security/spring-security-config/3.2.0.RELEASE/spring-security-config-3.2.0.RELEASE.jar
7f16e5bd4000-7f16e5bd6000 r--s 00000000 08:05 1708809                    /home/tomtaylor/.m2/repository/aopalliance/aopalliance/1.0/aopalliance-1.0.jar
7f16e5bd6000-7f16e5be0000 r--s 0004a000 08:05 1714076                    /home/tomtaylor/.m2/repository/org/springframework/security/spring-security-web/3.2.0.RELEASE/spring-security-web-3.2.0.RELEASE.jar
7f16e5be0000-7f16e5be3000 r--s 0001d000 08:05 823326                     /home/tomtaylor/.m2/repository/org/springframework/webflow/spring-faces/2.4.1.RELEASE/spring-faces-2.4.1.RELEASE.jar
7f16e5be3000-7f16e5bef000 r--s 00096000 08:05 2494616                    /home/tomtaylor/.m2/repository/org/springframework/spring-webmvc/4.0.6.RELEASE/spring-webmvc-4.0.6.RELEASE.jar
7f16e5bef000-7f16e5bfe000 r--s 0009c000 08:05 1840001                    /home/tomtaylor/.m2/repository/org/springframework/spring-web/4.1.1.RELEASE/spring-web-4.1.1.RELEASE.jar
7f16e5bfe000-7f16e5c52000 r--s 003e3000 08:05 823120                     /home/tomtaylor/.m2/repository/org/springframework/webflow/spring-js-resources/2.4.1.RELEASE/spring-js-resources-2.4.1.RELEASE.jar
7f16e5c52000-7f16e5c54000 r--s 00005000 08:05 822915                     /home/tomtaylor/.m2/repository/org/springframework/webflow/spring-js/2.4.1.RELEASE/spring-js-2.4.1.RELEASE.jar
7f16e5c54000-7f16e5c62000 r--s 0007d000 08:05 822798                     /home/tomtaylor/.m2/repository/org/springframework/webflow/spring-webflow/2.4.1.RELEASE/spring-webflow-2.4.1.RELEASE.jar
7f16e5c62000-7f16e5c66000 r--s 00026000 08:05 2101939                    /home/tomtaylor/.m2/repository/opensymphony/ognl/2.6.11/ognl-2.6.11.jar
7f16e5c66000-7f16e5c68000 r--s 0000d000 08:05 1840609                    /home/tomtaylor/.m2/repository/commons-logging/commons-logging/1.1.1/commons-logging-1.1.1.jar
7f16e5c68000-7f16e5c6e000 r--s 00022000 08:05 822741                     /home/tomtaylor/.m2/repository/org/springframework/webflow/spring-binding/2.4.1.RELEASE/spring-binding-2.4.1.RELEASE.jar
7f16e5c6e000-7f16e5c71000 r--s 00009000 08:05 1972569                    /home/tomtaylor/.m2/repository/javax/validation/validation-api/1.0.0.GA/validation-api-1.0.0.GA.jar
7f16e5c71000-7f16e5c7d000 r--s 00069000 08:05 1842796                    /home/tomtaylor/.m2/repository/org/hibernate/hibernate-validator/4.3.0.Final/hibernate-validator-4.3.0.Final.jar
7f16e5c7d000-7f16e5c81000 r--s 00039000 08:05 1712608                    /home/tomtaylor/.m2/repository/org/springframework/spring-expression/4.1.1.RELEASE/spring-expression-4.1.1.RELEASE.jar
7f16e5c81000-7f16e5c99000 r--s 000e3000 08:05 816595                     /home/tomtaylor/.m2/repository/org/springframework/spring-context/4.1.1.RELEASE/spring-context-4.1.1.RELEASE.jar
7f16e5c99000-7f16e5c9c000 r--s 00011000 08:05 2364641                    /home/tomtaylor/.m2/repository/org/hibernate/common/hibernate-commons-annotations/4.0.1.Final/hibernate-commons-annotations-4.0.1.Final.jar
7f16e5c9c000-7f16e5ca6000 r--s 0006c000 08:05 2106240                    /home/tomtaylor/.m2/repository/org/hibernate/hibernate-entitymanager/4.1.9.Final/hibernate-entitymanager-4.1.9.Final.jar
7f16e5ca6000-7f16e5cab000 r--s 00048000 08:05 1968292                    /home/tomtaylor/.m2/repository/dom4j/dom4j/1.6.1/dom4j-1.6.1.jar
7f16e5cab000-7f16e5cac000 r--s 00002000 08:05 2364638                    /home/tomtaylor/.m2/repository/org/jboss/spec/javax/transaction/jboss-transaction-api_1.1_spec/1.0.0.Final/jboss-transaction-api_1.1_spec-1.0.0.Final.jar
7f16e5cac000-7f16e5cb5000 r--s 000a5000 08:05 1972639                    /home/tomtaylor/.m2/repository/org/javassist/javassist/3.17.1-GA/javassist-3.17.1-GA.jar
7f16e5cb5000-7f16e5cba000 r--s 00068000 08:05 1968307                    /home/tomtaylor/.m2/repository/antlr/antlr/2.7.7/antlr-2.7.7.jar
7f16e5cba000-7f16e5d08000 r--s 003ff000 08:05 1842721                    /home/tomtaylor/.m2/repository/org/hibernate/hibernate-core/4.1.9.Final/hibernate-core-4.1.9.Final.jar
7f16e5d08000-7f16e5d16000 r--s 0015a000 08:05 812418                     /home/tomtaylor/.m2/repository/org/hsqldb/hsqldb/2.3.2/hsqldb-2.3.2.jar
7f16e5d16000-7f16e5d22000 r--s 0006f000 08:05 811900                     /home/tomtaylor/.m2/repository/org/springframework/spring-test/4.1.1.RELEASE/spring-test-4.1.1.RELEASE.jar
7f16e5d22000-7f16e5d28000 r--s 00036000 08:05 2370963                    /home/tomtaylor/.m2/repository/junit/junit/4.11/junit-4.11.jar
7f16e5d28000-7f16e5d2d000 r--s 00015000 08:05 2101734                    /home/tomtaylor/.m2/repository/org/hibernate/javax/persistence/hibernate-jpa-2.0-api/1.0.1.Final/hibernate-jpa-2.0-api-1.0.1.Final.jar
7f16e5d2d000-7f16e5d2e000 ---p 00000000 00:00 0 
7f16e5d2e000-7f16e5e2e000 rw-p 00000000 00:00 0                          [stack:10685]
7f16e5e2e000-7f16e5e31000 ---p 00000000 00:00 0 
7f16e5e31000-7f16e5f2f000 rw-p 00000000 00:00 0                          [stack:10684]
7f16e5f2f000-7f16e5f32000 ---p 00000000 00:00 0 
7f16e5f32000-7f16e9000000 rw-p 00000000 00:00 0                          [stack:10683]
7f16e9000000-7f16e9350000 rwxp 00000000 00:00 0 
7f16e9350000-7f16ecc77000 rw-p 00000000 00:00 0 
7f16ecc77000-7f16f0000000 ---p 00000000 00:00 0 
7f16f0000000-7f16f0002000 r--s 0000d000 08:05 1841094                    /home/tomtaylor/.m2/repository/org/jboss/logging/jboss-logging/3.1.0.GA/jboss-logging-3.1.0.GA.jar
7f16f0002000-7f16f0004000 r--s 00009000 08:05 2370966                    /home/tomtaylor/.m2/repository/org/hamcrest/hamcrest-core/1.3/hamcrest-core-1.3.jar
7f16f0004000-7f16f0006000 r--s 00003000 08:05 2106210                    /home/tomtaylor/.m2/repository/org/slf4j/jcl-over-slf4j/1.7.7/jcl-over-slf4j-1.7.7.jar
7f16f0006000-7f16f001b000 r--s 000e1000 08:05 1712258                    /home/tomtaylor/.m2/repository/org/springframework/spring-core/4.1.1.RELEASE/spring-core-4.1.1.RELEASE.jar
7f16f001b000-7f16f0028000 r--s 0009f000 08:05 1710094                    /home/tomtaylor/.m2/repository/org/springframework/spring-beans/4.1.1.RELEASE/spring-beans-4.1.1.RELEASE.jar
7f16f0028000-7f16f002f000 r--s 00037000 08:05 1972623                    /home/tomtaylor/.m2/repository/org/springframework/spring-tx/4.1.1.RELEASE/spring-tx-4.1.1.RELEASE.jar
7f16f002f000-7f16f0038000 r--s 0004e000 08:05 1712611                    /home/tomtaylor/.m2/repository/org/springframework/spring-aop/4.0.7.RELEASE/spring-aop-4.0.7.RELEASE.jar
7f16f0038000-7f16f0042000 r--s 0005f000 08:05 1972620                    /home/tomtaylor/.m2/repository/org/springframework/spring-jdbc/4.1.1.RELEASE/spring-jdbc-4.1.1.RELEASE.jar
7f16f0042000-7f16f004a000 r--s 00054000 08:05 2106204                    /home/tomtaylor/.m2/repository/org/springframework/spring-orm/4.1.1.RELEASE/spring-orm-4.1.1.RELEASE.jar
7f16f004a000-7f16f0057000 r--s 0006d000 08:05 2236937                    /home/tomtaylor/.m2/repository/org/springframework/data/spring-data-commons/1.9.0.RELEASE/spring-data-commons-1.9.0.RELEASE.jar
7f16f0057000-7f16f005d000 r--s 00030000 08:05 1712605                    /home/tomtaylor/.m2/repository/org/springframework/data/spring-data-jpa/1.7.0.RELEASE/spring-data-jpa-1.7.0.RELEASE.jar
7f16f005d000-7f16f0060000 ---p 00000000 00:00 0 
7f16f0060000-7f16f015e000 rw-p 00000000 00:00 0                          [stack:10682]
7f16f015e000-7f16f0161000 ---p 00000000 00:00 0 
7f16f0161000-7f16f025f000 rw-p 00000000 00:00 0                          [stack:10681]
7f16f025f000-7f16f0ab4000 r--p 00000000 08:05 5173                       /usr/lib/locale/locale-archive
7f16f0ab4000-7f16f0ab7000 ---p 00000000 00:00 0 
7f16f0ab7000-7f16f0bb5000 rw-p 00000000 00:00 0                          [stack:10680]
7f16f0bb5000-7f16f0bb8000 ---p 00000000 00:00 0 
7f16f0bb8000-7f16f0cb6000 rw-p 00000000 00:00 0                          [stack:10679]
7f16f0cb6000-7f16f0cb7000 ---p 00000000 00:00 0 
7f16f0cb7000-7f16f170b000 rw-p 00000000 00:00 0                          [stack:10678]
7f16f170b000-7f16f18ca000 r--s 039e9000 08:05 1454152                    /home/tomtaylor/jdk/jre/lib/rt.jar
7f16f18ca000-7f16f1c98000 rw-p 00000000 00:00 0 
7f16f1c98000-7f16f1c99000 ---p 00000000 00:00 0 
7f16f1c99000-7f16f1d99000 rw-p 00000000 00:00 0                          [stack:10677]
7f16f1d99000-7f16f1d9a000 ---p 00000000 00:00 0 
7f16f1d9a000-7f16f1ea9000 rw-p 00000000 00:00 0                          [stack:10676]
7f16f1ea9000-7f16f1ec3000 rw-p 00000000 00:00 0 
7f16f1ec3000-7f16f1ee1000 rw-p 00000000 00:00 0 
7f16f1ee1000-7f16f20a6000 rw-p 00000000 00:00 0 
7f16f20a6000-7f16f20b5000 rw-p 00000000 00:00 0 
7f16f20b5000-7f16f20cf000 rw-p 00000000 00:00 0 
7f16f20cf000-7f16f20ed000 rw-p 00000000 00:00 0 
7f16f20ed000-7f16f22b1000 rw-p 00000000 00:00 0 
7f16f22b1000-7f16f2305000 rw-p 00000000 00:00 0 
7f16f2305000-7f16f23a3000 rw-p 00000000 00:00 0 
7f16f23a3000-7f16f23a4000 rw-p 00000000 00:00 0 
7f16f23a4000-7f16f23be000 r-xp 00000000 08:05 2237353                    /home/tomtaylor/jdk/jre/lib/amd64/libzip.so
7f16f23be000-7f16f25be000 ---p 0001a000 08:05 2237353                    /home/tomtaylor/jdk/jre/lib/amd64/libzip.so
7f16f25be000-7f16f25bf000 rw-p 0001a000 08:05 2237353                    /home/tomtaylor/jdk/jre/lib/amd64/libzip.so
7f16f25bf000-7f16f25ca000 r-xp 00000000 08:05 3014755                    /lib/x86_64-linux-gnu/libnss_files-2.19.so
7f16f25ca000-7f16f27c9000 ---p 0000b000 08:05 3014755                    /lib/x86_64-linux-gnu/libnss_files-2.19.so
7f16f27c9000-7f16f27ca000 r--p 0000a000 08:05 3014755                    /lib/x86_64-linux-gnu/libnss_files-2.19.so
7f16f27ca000-7f16f27cb000 rw-p 0000b000 08:05 3014755                    /lib/x86_64-linux-gnu/libnss_files-2.19.so
7f16f27cb000-7f16f27d6000 r-xp 00000000 08:05 3014756                    /lib/x86_64-linux-gnu/libnss_nis-2.19.so
7f16f27d6000-7f16f29d5000 ---p 0000b000 08:05 3014756                    /lib/x86_64-linux-gnu/libnss_nis-2.19.so
7f16f29d5000-7f16f29d6000 r--p 0000a000 08:05 3014756                    /lib/x86_64-linux-gnu/libnss_nis-2.19.so
7f16f29d6000-7f16f29d7000 rw-p 0000b000 08:05 3014756                    /lib/x86_64-linux-gnu/libnss_nis-2.19.so
7f16f29d7000-7f16f29ee000 r-xp 00000000 08:05 3014682                    /lib/x86_64-linux-gnu/libnsl-2.19.so
7f16f29ee000-7f16f2bed000 ---p 00017000 08:05 3014682                    /lib/x86_64-linux-gnu/libnsl-2.19.so
7f16f2bed000-7f16f2bee000 r--p 00016000 08:05 3014682                    /lib/x86_64-linux-gnu/libnsl-2.19.so
7f16f2bee000-7f16f2bef000 rw-p 00017000 08:05 3014682                    /lib/x86_64-linux-gnu/libnsl-2.19.so
7f16f2bef000-7f16f2bf1000 rw-p 00000000 00:00 0 
7f16f2bf1000-7f16f2bfa000 r-xp 00000000 08:05 3014661                    /lib/x86_64-linux-gnu/libnss_compat-2.19.so
7f16f2bfa000-7f16f2df9000 ---p 00009000 08:05 3014661                    /lib/x86_64-linux-gnu/libnss_compat-2.19.so
7f16f2df9000-7f16f2dfa000 r--p 00008000 08:05 3014661                    /lib/x86_64-linux-gnu/libnss_compat-2.19.so
7f16f2dfa000-7f16f2dfb000 rw-p 00009000 08:05 3014661                    /lib/x86_64-linux-gnu/libnss_compat-2.19.so
7f16f2dfb000-7f16f2e24000 r-xp 00000000 08:05 2237338                    /home/tomtaylor/jdk/jre/lib/amd64/libjava.so
7f16f2e24000-7f16f3024000 ---p 00029000 08:05 2237338                    /home/tomtaylor/jdk/jre/lib/amd64/libjava.so
7f16f3024000-7f16f3026000 rw-p 00029000 08:05 2237338                    /home/tomtaylor/jdk/jre/lib/amd64/libjava.so
7f16f3026000-7f16f3033000 r-xp 00000000 08:05 2237308                    /home/tomtaylor/jdk/jre/lib/amd64/libverify.so
7f16f3033000-7f16f3232000 ---p 0000d000 08:05 2237308                    /home/tomtaylor/jdk/jre/lib/amd64/libverify.so
7f16f3232000-7f16f3234000 rw-p 0000c000 08:05 2237308                    /home/tomtaylor/jdk/jre/lib/amd64/libverify.so
7f16f3234000-7f16f323b000 r-xp 00000000 08:05 3014686                    /lib/x86_64-linux-gnu/librt-2.19.so
7f16f323b000-7f16f343a000 ---p 00007000 08:05 3014686                    /lib/x86_64-linux-gnu/librt-2.19.so
7f16f343a000-7f16f343b000 r--p 00006000 08:05 3014686                    /lib/x86_64-linux-gnu/librt-2.19.so
7f16f343b000-7f16f343c000 rw-p 00007000 08:05 3014686                    /lib/x86_64-linux-gnu/librt-2.19.so
7f16f343c000-7f16f3541000 r-xp 00000000 08:05 3014751                    /lib/x86_64-linux-gnu/libm-2.19.so
7f16f3541000-7f16f3740000 ---p 00105000 08:05 3014751                    /lib/x86_64-linux-gnu/libm-2.19.so
7f16f3740000-7f16f3741000 r--p 00104000 08:05 3014751                    /lib/x86_64-linux-gnu/libm-2.19.so
7f16f3741000-7f16f3742000 rw-p 00105000 08:05 3014751                    /lib/x86_64-linux-gnu/libm-2.19.so
7f16f3742000-7f16f42b4000 r-xp 00000000 08:05 2371444                    /home/tomtaylor/jdk/jre/lib/amd64/server/libjvm.so
7f16f42b4000-7f16f44b3000 ---p 00b72000 08:05 2371444                    /home/tomtaylor/jdk/jre/lib/amd64/server/libjvm.so
7f16f44b3000-7f16f4578000 rw-p 00b71000 08:05 2371444                    /home/tomtaylor/jdk/jre/lib/amd64/server/libjvm.so
7f16f4578000-7f16f45b8000 rw-p 00000000 00:00 0 
7f16f45b8000-7f16f4773000 r-xp 00000000 08:05 3014748                    /lib/x86_64-linux-gnu/libc-2.19.so
7f16f4773000-7f16f4973000 ---p 001bb000 08:05 3014748                    /lib/x86_64-linux-gnu/libc-2.19.so
7f16f4973000-7f16f4977000 r--p 001bb000 08:05 3014748                    /lib/x86_64-linux-gnu/libc-2.19.so
7f16f4977000-7f16f4979000 rw-p 001bf000 08:05 3014748                    /lib/x86_64-linux-gnu/libc-2.19.so
7f16f4979000-7f16f497e000 rw-p 00000000 00:00 0 
7f16f497e000-7f16f4981000 r-xp 00000000 08:05 3014760                    /lib/x86_64-linux-gnu/libdl-2.19.so
7f16f4981000-7f16f4b80000 ---p 00003000 08:05 3014760                    /lib/x86_64-linux-gnu/libdl-2.19.so
7f16f4b80000-7f16f4b81000 r--p 00002000 08:05 3014760                    /lib/x86_64-linux-gnu/libdl-2.19.so
7f16f4b81000-7f16f4b82000 rw-p 00003000 08:05 3014760                    /lib/x86_64-linux-gnu/libdl-2.19.so
7f16f4b82000-7f16f4b98000 r-xp 00000000 08:05 2371450                    /home/tomtaylor/jdk/jre/lib/amd64/jli/libjli.so
7f16f4b98000-7f16f4d98000 ---p 00016000 08:05 2371450                    /home/tomtaylor/jdk/jre/lib/amd64/jli/libjli.so
7f16f4d98000-7f16f4d99000 rw-p 00016000 08:05 2371450                    /home/tomtaylor/jdk/jre/lib/amd64/jli/libjli.so
7f16f4d99000-7f16f4db2000 r-xp 00000000 08:05 3018720                    /lib/x86_64-linux-gnu/libpthread-2.19.so
7f16f4db2000-7f16f4fb1000 ---p 00019000 08:05 3018720                    /lib/x86_64-linux-gnu/libpthread-2.19.so
7f16f4fb1000-7f16f4fb2000 r--p 00018000 08:05 3018720                    /lib/x86_64-linux-gnu/libpthread-2.19.so
7f16f4fb2000-7f16f4fb3000 rw-p 00019000 08:05 3018720                    /lib/x86_64-linux-gnu/libpthread-2.19.so
7f16f4fb3000-7f16f4fb7000 rw-p 00000000 00:00 0 
7f16f4fb7000-7f16f4fda000 r-xp 00000000 08:05 3014749                    /lib/x86_64-linux-gnu/ld-2.19.so
7f16f4fda000-7f16f4fdc000 r--s 00006000 08:05 2106223                    /home/tomtaylor/.m2/repository/org/slf4j/slf4j-api/1.7.7/slf4j-api-1.7.7.jar
7f16f4fdc000-7f16f5008000 rw-p 00000000 00:00 0 
7f16f5008000-7f16f50ba000 rw-p 00000000 00:00 0 
7f16f50ba000-7f16f50bd000 ---p 00000000 00:00 0 
7f16f50bd000-7f16f51bf000 rw-p 00000000 00:00 0                          [stack:10675]
7f16f51bf000-7f16f51c3000 r--s 00019000 08:05 2106207                    /home/tomtaylor/.m2/repository/org/aspectj/aspectjrt/1.8.2/aspectjrt-1.8.2.jar
7f16f51c3000-7f16f51c5000 r--s 00004000 08:05 2376781                    /home/tomtaylor/workspaces/neuron/neuron-beer/Application/Beerfactory/client-api/target/beerfactory-client-api-1.0.jar
7f16f51c5000-7f16f51ca000 r--s 00023000 08:05 1454198                    /home/tomtaylor/.m2/repository/org/apache/maven/surefire/surefire-api/2.10/surefire-api-2.10.jar
7f16f51ca000-7f16f51cc000 r--s 00007000 08:05 1581562                    /home/tomtaylor/.m2/repository/org/apache/maven/surefire/surefire-booter/2.10/surefire-booter-2.10.jar
7f16f51cc000-7f16f51cd000 r--s 00001000 08:05 2762372                    /home/tomtaylor/workspaces/neuron/neuron-beer/Application/Beerfactory/core/target/surefire/surefirebooter5980281098260088744.jar
7f16f51cd000-7f16f51d5000 rw-s 00000000 08:05 1717007                    /tmp/hsperfdata_tomtaylor/10673
7f16f51d5000-7f16f51d6000 rw-p 00000000 00:00 0 
7f16f51d6000-7f16f51d7000 ---p 00000000 00:00 0 
7f16f51d7000-7f16f51d9000 rw-p 00000000 00:00 0 
7f16f51d9000-7f16f51da000 r--p 00022000 08:05 3014749                    /lib/x86_64-linux-gnu/ld-2.19.so
7f16f51da000-7f16f51db000 rw-p 00023000 08:05 3014749                    /lib/x86_64-linux-gnu/ld-2.19.so
7f16f51db000-7f16f51dc000 rw-p 00000000 00:00 0 
7fffd3a3f000-7fffd3a60000 rw-p 00000000 00:00 0                          [stack]
7fffd3bfb000-7fffd3bfd000 r-xp 00000000 00:00 0                          [vdso]
ffffffffff600000-ffffffffff601000 r-xp 00000000 00:00 0                  [vsyscall]

VM Arguments:
java_command: /home/tomtaylor/workspaces/neuron/neuron-beer/Application/Beerfactory/core/target/surefire/surefirebooter5980281098260088744.jar /home/tomtaylor/workspaces/neuron/neuron-beer/Application/Beerfactory/core/target/surefire/surefire4200175356095052263tmp /home/tomtaylor/workspaces/neuron/neuron-beer/Application/Beerfactory/core/target/surefire/surefire1208300584389092414tmp
Launcher Type: SUN_STANDARD

Environment Variables:
JAVA_HOME=/home/tomtaylor/jdk
PATH=/usr/local/sbin:/usr/local/bin:/usr/sbin:/usr/bin:/sbin:/bin:/usr/games:/usr/local/games
SHELL=/bin/bash
DISPLAY=:0

Signal Handlers:
SIGSEGV: [libjvm.so+0x9a1330], sa_mask[0]=0x7ffbfeff, sa_flags=0x10000004
SIGBUS: [libjvm.so+0x9a1330], sa_mask[0]=0x7ffbfeff, sa_flags=0x10000004
SIGFPE: [libjvm.so+0x81b390], sa_mask[0]=0x7ffbfeff, sa_flags=0x10000004
SIGPIPE: [libjvm.so+0x81b390], sa_mask[0]=0x7ffbfeff, sa_flags=0x10000004
SIGXFSZ: [libjvm.so+0x81b390], sa_mask[0]=0x7ffbfeff, sa_flags=0x10000004
SIGILL: [libjvm.so+0x81b390], sa_mask[0]=0x7ffbfeff, sa_flags=0x10000004
SIGUSR1: SIG_DFL, sa_mask[0]=0x00000000, sa_flags=0x00000000
SIGUSR2: [libjvm.so+0x81cb90], sa_mask[0]=0x00000004, sa_flags=0x10000004
SIGHUP: [libjvm.so+0x81dc90], sa_mask[0]=0x7ffbfeff, sa_flags=0x10000004
SIGINT: [libjvm.so+0x81dc90], sa_mask[0]=0x7ffbfeff, sa_flags=0x10000004
SIGTERM: [libjvm.so+0x81dc90], sa_mask[0]=0x7ffbfeff, sa_flags=0x10000004
SIGQUIT: [libjvm.so+0x81dc90], sa_mask[0]=0x7ffbfeff, sa_flags=0x10000004


---------------  S Y S T E M  ---------------

OS:jessie/sid

uname:Linux 3.13.0-40-generic #69-Ubuntu SMP Thu Nov 13 17:53:56 UTC 2014 x86_64
libc:glibc 2.19 NPTL 2.19 
rlimit: STACK 8192k, CORE 0k, NPROC 46126, NOFILE 4096, AS infinity
load average:4,90 3,15 2,02

/proc/meminfo:
MemTotal:        5925828 kB
MemFree:          129736 kB
Buffers:             220 kB
Cached:           589696 kB
SwapCached:            0 kB
Active:          5006264 kB
Inactive:         585644 kB
Active(anon):    5004988 kB
Inactive(anon):   582008 kB
Active(file):       1276 kB
Inactive(file):     3636 kB
Unevictable:           0 kB
Mlocked:               0 kB
SwapTotal:             0 kB
SwapFree:              0 kB
Dirty:                72 kB
Writeback:             0 kB
AnonPages:       5002304 kB
Mapped:           113216 kB
Shmem:            584692 kB
Slab:              60204 kB
SReclaimable:      30424 kB
SUnreclaim:        29780 kB
KernelStack:        4352 kB
PageTables:        38496 kB
NFS_Unstable:          0 kB
Bounce:                0 kB
WritebackTmp:          0 kB
CommitLimit:     2962912 kB
Committed_AS:    8694720 kB
VmallocTotal:   34359738367 kB
VmallocUsed:      408908 kB
VmallocChunk:   34359320060 kB
HardwareCorrupted:     0 kB
AnonHugePages:   3577856 kB
HugePages_Total:       0
HugePages_Free:        0
HugePages_Rsvd:        0
HugePages_Surp:        0
Hugepagesize:       2048 kB
DirectMap4k:       72448 kB
DirectMap2M:     6031360 kB


CPU:total 2 (2 cores per cpu, 1 threads per core) family 6 model 42 stepping 7, cmov, cx8, fxsr, mmx, sse, sse2, sse3, ssse3, sse4.1, sse4.2, popcnt, tsc, tscinvbit

/proc/cpuinfo:
processor	: 0
vendor_id	: GenuineIntel
cpu family	: 6
model		: 42
model name	: Intel(R) Pentium(R) CPU B960 @ 2.20GHz
stepping	: 7
microcode	: 0x28
cpu MHz		: 2200.000
cache size	: 2048 KB
physical id	: 0
siblings	: 2
core id		: 0
cpu cores	: 2
apicid		: 0
initial apicid	: 0
fpu		: yes
fpu_exception	: yes
cpuid level	: 13
wp		: yes
flags		: fpu vme de pse tsc msr pae mce cx8 apic sep mtrr pge mca cmov pat pse36 clflush dts acpi mmx fxsr sse sse2 ss ht tm pbe syscall nx rdtscp lm constant_tsc arch_perfmon pebs bts rep_good nopl xtopology nonstop_tsc aperfmperf eagerfpu pni pclmulqdq dtes64 monitor ds_cpl est tm2 ssse3 cx16 xtpr pdcm pcid sse4_1 sse4_2 x2apic popcnt tsc_deadline_timer xsave lahf_lm arat epb xsaveopt pln pts dtherm
bogomips	: 4390.37
clflush size	: 64
cache_alignment	: 64
address sizes	: 36 bits physical, 48 bits virtual
power management:

processor	: 1
vendor_id	: GenuineIntel
cpu family	: 6
model		: 42
model name	: Intel(R) Pentium(R) CPU B960 @ 2.20GHz
stepping	: 7
microcode	: 0x28
cpu MHz		: 2200.000
cache size	: 2048 KB
physical id	: 0
siblings	: 2
core id		: 1
cpu cores	: 2
apicid		: 2
initial apicid	: 2
fpu		: yes
fpu_exception	: yes
cpuid level	: 13
wp		: yes
flags		: fpu vme de pse tsc msr pae mce cx8 apic sep mtrr pge mca cmov pat pse36 clflush dts acpi mmx fxsr sse sse2 ss ht tm pbe syscall nx rdtscp lm constant_tsc arch_perfmon pebs bts rep_good nopl xtopology nonstop_tsc aperfmperf eagerfpu pni pclmulqdq dtes64 monitor ds_cpl est tm2 ssse3 cx16 xtpr pdcm pcid sse4_1 sse4_2 x2apic popcnt tsc_deadline_timer xsave lahf_lm arat epb xsaveopt pln pts dtherm
bogomips	: 4390.37
clflush size	: 64
cache_alignment	: 64
address sizes	: 36 bits physical, 48 bits virtual
power management:



Memory: 4k page, physical 5925828k(130048k free), swap 0k(0k free)

vm_info: Java HotSpot(TM) 64-Bit Server VM (24.71-b01) for linux-amd64 JRE (1.7.0_71-b14), built on Sep 26 2014 16:41:40 by "java_re" with gcc 4.3.0 20080428 (Red Hat 4.3.0-8)

time: Wed Dec  3 18:28:04 2014
elapsed time: 38 seconds

